2025-11-29 05:15:40,166 [PID 54127] DEBUG Using selector: KqueueSelector
2025-11-29 05:15:40,167 [PID 54127] INFO Reading Pyre server configurations...
2025-11-29 05:15:40,170 [PID 54127] ERROR Uncaught error in persistent.run
Traceback (most recent call last):
  File "/Users/ehsaasmittal/.local/share/nvim/mason/packages/pyre/venv/lib/python3.11/site-packages/pyre_check/client/commands/persistent.py", line 302, in run
    return asyncio.get_event_loop().run_until_complete(
           ^^^^^^^^^^^^^^^^^^^^^^^^^^^^^^^^^^^^^^^^^^^^
  File "/Library/Frameworks/Python.framework/Versions/3.11/lib/python3.11/asyncio/base_events.py", line 653, in run_until_complete
    return future.result()
           ^^^^^^^^^^^^^^^
  File "/Users/ehsaasmittal/.local/share/nvim/mason/packages/pyre/venv/lib/python3.11/site-packages/pyre_check/client/commands/persistent.py", line 225, in run_persistent
    initial_server_options = pyre_server_options.read_server_options(
                             ^^^^^^^^^^^^^^^^^^^^^^^^^^^^^^^^^^^^^^^^
  File "/Users/ehsaasmittal/.local/share/nvim/mason/packages/pyre/venv/lib/python3.11/site-packages/pyre_check/client/commands/pyre_server_options.py", line 130, in read_server_options
    return server_options_reader()
           ^^^^^^^^^^^^^^^^^^^^^^^
  File "/Users/ehsaasmittal/.local/share/nvim/mason/packages/pyre/venv/lib/python3.11/site-packages/pyre_check/client/commands/pyre_server_options.py", line 115, in read
    return PyreServerOptions.create(
           ^^^^^^^^^^^^^^^^^^^^^^^^^
  File "/Users/ehsaasmittal/.local/share/nvim/mason/packages/pyre/venv/lib/python3.11/site-packages/pyre_check/client/commands/pyre_server_options.py", line 95, in create
    start_arguments = start.create_server_arguments(
                      ^^^^^^^^^^^^^^^^^^^^^^^^^^^^^^
  File "/Users/ehsaasmittal/.local/share/nvim/mason/packages/pyre/venv/lib/python3.11/site-packages/pyre_check/client/commands/start.py", line 316, in create_server_arguments
    source_paths = backend_arguments.get_source_path_for_server(
                   ^^^^^^^^^^^^^^^^^^^^^^^^^^^^^^^^^^^^^^^^^^^^^
  File "/Users/ehsaasmittal/.local/share/nvim/mason/packages/pyre/venv/lib/python3.11/site-packages/pyre_check/client/backend_arguments.py", line 398, in get_source_path_for_server
    return get_source_path(configuration, artifact_root_name, flavor, watchman_root)
           ^^^^^^^^^^^^^^^^^^^^^^^^^^^^^^^^^^^^^^^^^^^^^^^^^^^^^^^^^^^^^^^^^^^^^^^^^
  File "/Users/ehsaasmittal/.local/share/nvim/mason/packages/pyre/venv/lib/python3.11/site-packages/pyre_check/client/backend_arguments.py", line 379, in get_source_path
    raise configuration_module.InvalidConfiguration(
pyre_check.client.configuration.exceptions.InvalidConfiguration: Invalid configuration: Cannot find any source files to analyze. Either `source_directories` or `targets` must be specified.
2025-11-29 05:17:07,173 [PID 54263] DEBUG Using selector: KqueueSelector
2025-11-29 05:17:07,173 [PID 54263] INFO Reading Pyre server configurations...
2025-11-29 05:17:07,176 [PID 54263] ERROR Uncaught error in persistent.run
Traceback (most recent call last):
  File "/Users/ehsaasmittal/.local/share/nvim/mason/packages/pyre/venv/lib/python3.11/site-packages/pyre_check/client/commands/persistent.py", line 302, in run
    return asyncio.get_event_loop().run_until_complete(
           ^^^^^^^^^^^^^^^^^^^^^^^^^^^^^^^^^^^^^^^^^^^^
  File "/Library/Frameworks/Python.framework/Versions/3.11/lib/python3.11/asyncio/base_events.py", line 653, in run_until_complete
    return future.result()
           ^^^^^^^^^^^^^^^
  File "/Users/ehsaasmittal/.local/share/nvim/mason/packages/pyre/venv/lib/python3.11/site-packages/pyre_check/client/commands/persistent.py", line 225, in run_persistent
    initial_server_options = pyre_server_options.read_server_options(
                             ^^^^^^^^^^^^^^^^^^^^^^^^^^^^^^^^^^^^^^^^
  File "/Users/ehsaasmittal/.local/share/nvim/mason/packages/pyre/venv/lib/python3.11/site-packages/pyre_check/client/commands/pyre_server_options.py", line 130, in read_server_options
    return server_options_reader()
           ^^^^^^^^^^^^^^^^^^^^^^^
  File "/Users/ehsaasmittal/.local/share/nvim/mason/packages/pyre/venv/lib/python3.11/site-packages/pyre_check/client/commands/pyre_server_options.py", line 115, in read
    return PyreServerOptions.create(
           ^^^^^^^^^^^^^^^^^^^^^^^^^
  File "/Users/ehsaasmittal/.local/share/nvim/mason/packages/pyre/venv/lib/python3.11/site-packages/pyre_check/client/commands/pyre_server_options.py", line 95, in create
    start_arguments = start.create_server_arguments(
                      ^^^^^^^^^^^^^^^^^^^^^^^^^^^^^^
  File "/Users/ehsaasmittal/.local/share/nvim/mason/packages/pyre/venv/lib/python3.11/site-packages/pyre_check/client/commands/start.py", line 316, in create_server_arguments
    source_paths = backend_arguments.get_source_path_for_server(
                   ^^^^^^^^^^^^^^^^^^^^^^^^^^^^^^^^^^^^^^^^^^^^^
  File "/Users/ehsaasmittal/.local/share/nvim/mason/packages/pyre/venv/lib/python3.11/site-packages/pyre_check/client/backend_arguments.py", line 398, in get_source_path_for_server
    return get_source_path(configuration, artifact_root_name, flavor, watchman_root)
           ^^^^^^^^^^^^^^^^^^^^^^^^^^^^^^^^^^^^^^^^^^^^^^^^^^^^^^^^^^^^^^^^^^^^^^^^^
  File "/Users/ehsaasmittal/.local/share/nvim/mason/packages/pyre/venv/lib/python3.11/site-packages/pyre_check/client/backend_arguments.py", line 379, in get_source_path
    raise configuration_module.InvalidConfiguration(
pyre_check.client.configuration.exceptions.InvalidConfiguration: Invalid configuration: Cannot find any source files to analyze. Either `source_directories` or `targets` must be specified.
2025-11-29 05:17:29,635 [PID 54449] DEBUG Using selector: KqueueSelector
2025-11-29 05:17:29,636 [PID 54449] INFO Reading Pyre server configurations...
2025-11-29 05:17:29,639 [PID 54449] ERROR Uncaught error in persistent.run
Traceback (most recent call last):
  File "/Users/ehsaasmittal/.local/share/nvim/mason/packages/pyre/venv/lib/python3.11/site-packages/pyre_check/client/commands/persistent.py", line 302, in run
    return asyncio.get_event_loop().run_until_complete(
           ^^^^^^^^^^^^^^^^^^^^^^^^^^^^^^^^^^^^^^^^^^^^
  File "/Library/Frameworks/Python.framework/Versions/3.11/lib/python3.11/asyncio/base_events.py", line 653, in run_until_complete
    return future.result()
           ^^^^^^^^^^^^^^^
  File "/Users/ehsaasmittal/.local/share/nvim/mason/packages/pyre/venv/lib/python3.11/site-packages/pyre_check/client/commands/persistent.py", line 225, in run_persistent
    initial_server_options = pyre_server_options.read_server_options(
                             ^^^^^^^^^^^^^^^^^^^^^^^^^^^^^^^^^^^^^^^^
  File "/Users/ehsaasmittal/.local/share/nvim/mason/packages/pyre/venv/lib/python3.11/site-packages/pyre_check/client/commands/pyre_server_options.py", line 130, in read_server_options
    return server_options_reader()
           ^^^^^^^^^^^^^^^^^^^^^^^
  File "/Users/ehsaasmittal/.local/share/nvim/mason/packages/pyre/venv/lib/python3.11/site-packages/pyre_check/client/commands/pyre_server_options.py", line 115, in read
    return PyreServerOptions.create(
           ^^^^^^^^^^^^^^^^^^^^^^^^^
  File "/Users/ehsaasmittal/.local/share/nvim/mason/packages/pyre/venv/lib/python3.11/site-packages/pyre_check/client/commands/pyre_server_options.py", line 95, in create
    start_arguments = start.create_server_arguments(
                      ^^^^^^^^^^^^^^^^^^^^^^^^^^^^^^
  File "/Users/ehsaasmittal/.local/share/nvim/mason/packages/pyre/venv/lib/python3.11/site-packages/pyre_check/client/commands/start.py", line 316, in create_server_arguments
    source_paths = backend_arguments.get_source_path_for_server(
                   ^^^^^^^^^^^^^^^^^^^^^^^^^^^^^^^^^^^^^^^^^^^^^
  File "/Users/ehsaasmittal/.local/share/nvim/mason/packages/pyre/venv/lib/python3.11/site-packages/pyre_check/client/backend_arguments.py", line 398, in get_source_path_for_server
    return get_source_path(configuration, artifact_root_name, flavor, watchman_root)
           ^^^^^^^^^^^^^^^^^^^^^^^^^^^^^^^^^^^^^^^^^^^^^^^^^^^^^^^^^^^^^^^^^^^^^^^^^
  File "/Users/ehsaasmittal/.local/share/nvim/mason/packages/pyre/venv/lib/python3.11/site-packages/pyre_check/client/backend_arguments.py", line 379, in get_source_path
    raise configuration_module.InvalidConfiguration(
pyre_check.client.configuration.exceptions.InvalidConfiguration: Invalid configuration: Cannot find any source files to analyze. Either `source_directories` or `targets` must be specified.
2025-11-29 05:22:40,782 [PID 55619] DEBUG Using selector: KqueueSelector
2025-11-29 05:22:40,784 [PID 55619] INFO Reading Pyre server configurations...
2025-11-29 05:22:40,787 [PID 55619] ERROR Uncaught error in persistent.run
Traceback (most recent call last):
  File "/Users/ehsaasmittal/.local/share/nvim/mason/packages/pyre/venv/lib/python3.11/site-packages/pyre_check/client/commands/persistent.py", line 302, in run
    return asyncio.get_event_loop().run_until_complete(
           ^^^^^^^^^^^^^^^^^^^^^^^^^^^^^^^^^^^^^^^^^^^^
  File "/Library/Frameworks/Python.framework/Versions/3.11/lib/python3.11/asyncio/base_events.py", line 653, in run_until_complete
    return future.result()
           ^^^^^^^^^^^^^^^
  File "/Users/ehsaasmittal/.local/share/nvim/mason/packages/pyre/venv/lib/python3.11/site-packages/pyre_check/client/commands/persistent.py", line 225, in run_persistent
    initial_server_options = pyre_server_options.read_server_options(
                             ^^^^^^^^^^^^^^^^^^^^^^^^^^^^^^^^^^^^^^^^
  File "/Users/ehsaasmittal/.local/share/nvim/mason/packages/pyre/venv/lib/python3.11/site-packages/pyre_check/client/commands/pyre_server_options.py", line 130, in read_server_options
    return server_options_reader()
           ^^^^^^^^^^^^^^^^^^^^^^^
  File "/Users/ehsaasmittal/.local/share/nvim/mason/packages/pyre/venv/lib/python3.11/site-packages/pyre_check/client/commands/pyre_server_options.py", line 115, in read
    return PyreServerOptions.create(
           ^^^^^^^^^^^^^^^^^^^^^^^^^
  File "/Users/ehsaasmittal/.local/share/nvim/mason/packages/pyre/venv/lib/python3.11/site-packages/pyre_check/client/commands/pyre_server_options.py", line 95, in create
    start_arguments = start.create_server_arguments(
                      ^^^^^^^^^^^^^^^^^^^^^^^^^^^^^^
  File "/Users/ehsaasmittal/.local/share/nvim/mason/packages/pyre/venv/lib/python3.11/site-packages/pyre_check/client/commands/start.py", line 316, in create_server_arguments
    source_paths = backend_arguments.get_source_path_for_server(
                   ^^^^^^^^^^^^^^^^^^^^^^^^^^^^^^^^^^^^^^^^^^^^^
  File "/Users/ehsaasmittal/.local/share/nvim/mason/packages/pyre/venv/lib/python3.11/site-packages/pyre_check/client/backend_arguments.py", line 398, in get_source_path_for_server
    return get_source_path(configuration, artifact_root_name, flavor, watchman_root)
           ^^^^^^^^^^^^^^^^^^^^^^^^^^^^^^^^^^^^^^^^^^^^^^^^^^^^^^^^^^^^^^^^^^^^^^^^^
  File "/Users/ehsaasmittal/.local/share/nvim/mason/packages/pyre/venv/lib/python3.11/site-packages/pyre_check/client/backend_arguments.py", line 379, in get_source_path
    raise configuration_module.InvalidConfiguration(
pyre_check.client.configuration.exceptions.InvalidConfiguration: Invalid configuration: Cannot find any source files to analyze. Either `source_directories` or `targets` must be specified.
2025-11-29 05:27:25,862 [PID 55719] DEBUG Using selector: KqueueSelector
2025-11-29 05:27:25,862 [PID 55719] INFO Reading Pyre server configurations...
2025-11-29 05:27:25,865 [PID 55719] ERROR Uncaught error in persistent.run
Traceback (most recent call last):
  File "/Users/ehsaasmittal/.local/share/nvim/mason/packages/pyre/venv/lib/python3.11/site-packages/pyre_check/client/commands/persistent.py", line 302, in run
    return asyncio.get_event_loop().run_until_complete(
           ^^^^^^^^^^^^^^^^^^^^^^^^^^^^^^^^^^^^^^^^^^^^
  File "/Library/Frameworks/Python.framework/Versions/3.11/lib/python3.11/asyncio/base_events.py", line 653, in run_until_complete
    return future.result()
           ^^^^^^^^^^^^^^^
  File "/Users/ehsaasmittal/.local/share/nvim/mason/packages/pyre/venv/lib/python3.11/site-packages/pyre_check/client/commands/persistent.py", line 225, in run_persistent
    initial_server_options = pyre_server_options.read_server_options(
                             ^^^^^^^^^^^^^^^^^^^^^^^^^^^^^^^^^^^^^^^^
  File "/Users/ehsaasmittal/.local/share/nvim/mason/packages/pyre/venv/lib/python3.11/site-packages/pyre_check/client/commands/pyre_server_options.py", line 130, in read_server_options
    return server_options_reader()
           ^^^^^^^^^^^^^^^^^^^^^^^
  File "/Users/ehsaasmittal/.local/share/nvim/mason/packages/pyre/venv/lib/python3.11/site-packages/pyre_check/client/commands/pyre_server_options.py", line 115, in read
    return PyreServerOptions.create(
           ^^^^^^^^^^^^^^^^^^^^^^^^^
  File "/Users/ehsaasmittal/.local/share/nvim/mason/packages/pyre/venv/lib/python3.11/site-packages/pyre_check/client/commands/pyre_server_options.py", line 95, in create
    start_arguments = start.create_server_arguments(
                      ^^^^^^^^^^^^^^^^^^^^^^^^^^^^^^
  File "/Users/ehsaasmittal/.local/share/nvim/mason/packages/pyre/venv/lib/python3.11/site-packages/pyre_check/client/commands/start.py", line 316, in create_server_arguments
    source_paths = backend_arguments.get_source_path_for_server(
                   ^^^^^^^^^^^^^^^^^^^^^^^^^^^^^^^^^^^^^^^^^^^^^
  File "/Users/ehsaasmittal/.local/share/nvim/mason/packages/pyre/venv/lib/python3.11/site-packages/pyre_check/client/backend_arguments.py", line 398, in get_source_path_for_server
    return get_source_path(configuration, artifact_root_name, flavor, watchman_root)
           ^^^^^^^^^^^^^^^^^^^^^^^^^^^^^^^^^^^^^^^^^^^^^^^^^^^^^^^^^^^^^^^^^^^^^^^^^
  File "/Users/ehsaasmittal/.local/share/nvim/mason/packages/pyre/venv/lib/python3.11/site-packages/pyre_check/client/backend_arguments.py", line 379, in get_source_path
    raise configuration_module.InvalidConfiguration(
pyre_check.client.configuration.exceptions.InvalidConfiguration: Invalid configuration: Cannot find any source files to analyze. Either `source_directories` or `targets` must be specified.
2025-11-29 05:36:36,053 [PID 55930] DEBUG Using selector: KqueueSelector
2025-11-29 05:36:36,054 [PID 55930] INFO Reading Pyre server configurations...
2025-11-29 05:36:36,058 [PID 55930] ERROR Uncaught error in persistent.run
Traceback (most recent call last):
  File "/Users/ehsaasmittal/.local/share/nvim/mason/packages/pyre/venv/lib/python3.11/site-packages/pyre_check/client/commands/persistent.py", line 302, in run
    return asyncio.get_event_loop().run_until_complete(
           ^^^^^^^^^^^^^^^^^^^^^^^^^^^^^^^^^^^^^^^^^^^^
  File "/Library/Frameworks/Python.framework/Versions/3.11/lib/python3.11/asyncio/base_events.py", line 653, in run_until_complete
    return future.result()
           ^^^^^^^^^^^^^^^
  File "/Users/ehsaasmittal/.local/share/nvim/mason/packages/pyre/venv/lib/python3.11/site-packages/pyre_check/client/commands/persistent.py", line 225, in run_persistent
    initial_server_options = pyre_server_options.read_server_options(
                             ^^^^^^^^^^^^^^^^^^^^^^^^^^^^^^^^^^^^^^^^
  File "/Users/ehsaasmittal/.local/share/nvim/mason/packages/pyre/venv/lib/python3.11/site-packages/pyre_check/client/commands/pyre_server_options.py", line 130, in read_server_options
    return server_options_reader()
           ^^^^^^^^^^^^^^^^^^^^^^^
  File "/Users/ehsaasmittal/.local/share/nvim/mason/packages/pyre/venv/lib/python3.11/site-packages/pyre_check/client/commands/pyre_server_options.py", line 115, in read
    return PyreServerOptions.create(
           ^^^^^^^^^^^^^^^^^^^^^^^^^
  File "/Users/ehsaasmittal/.local/share/nvim/mason/packages/pyre/venv/lib/python3.11/site-packages/pyre_check/client/commands/pyre_server_options.py", line 95, in create
    start_arguments = start.create_server_arguments(
                      ^^^^^^^^^^^^^^^^^^^^^^^^^^^^^^
  File "/Users/ehsaasmittal/.local/share/nvim/mason/packages/pyre/venv/lib/python3.11/site-packages/pyre_check/client/commands/start.py", line 316, in create_server_arguments
    source_paths = backend_arguments.get_source_path_for_server(
                   ^^^^^^^^^^^^^^^^^^^^^^^^^^^^^^^^^^^^^^^^^^^^^
  File "/Users/ehsaasmittal/.local/share/nvim/mason/packages/pyre/venv/lib/python3.11/site-packages/pyre_check/client/backend_arguments.py", line 398, in get_source_path_for_server
    return get_source_path(configuration, artifact_root_name, flavor, watchman_root)
           ^^^^^^^^^^^^^^^^^^^^^^^^^^^^^^^^^^^^^^^^^^^^^^^^^^^^^^^^^^^^^^^^^^^^^^^^^
  File "/Users/ehsaasmittal/.local/share/nvim/mason/packages/pyre/venv/lib/python3.11/site-packages/pyre_check/client/backend_arguments.py", line 379, in get_source_path
    raise configuration_module.InvalidConfiguration(
pyre_check.client.configuration.exceptions.InvalidConfiguration: Invalid configuration: Cannot find any source files to analyze. Either `source_directories` or `targets` must be specified.
2025-11-29 16:05:29,779 [PID 57777] DEBUG Using selector: KqueueSelector
2025-11-29 16:05:29,779 [PID 57777] INFO Reading Pyre server configurations...
2025-11-29 16:05:29,782 [PID 57777] ERROR Uncaught error in persistent.run
Traceback (most recent call last):
  File "/Users/ehsaasmittal/.local/share/nvim/mason/packages/pyre/venv/lib/python3.11/site-packages/pyre_check/client/commands/persistent.py", line 302, in run
    return asyncio.get_event_loop().run_until_complete(
           ^^^^^^^^^^^^^^^^^^^^^^^^^^^^^^^^^^^^^^^^^^^^
  File "/Library/Frameworks/Python.framework/Versions/3.11/lib/python3.11/asyncio/base_events.py", line 653, in run_until_complete
    return future.result()
           ^^^^^^^^^^^^^^^
  File "/Users/ehsaasmittal/.local/share/nvim/mason/packages/pyre/venv/lib/python3.11/site-packages/pyre_check/client/commands/persistent.py", line 225, in run_persistent
    initial_server_options = pyre_server_options.read_server_options(
                             ^^^^^^^^^^^^^^^^^^^^^^^^^^^^^^^^^^^^^^^^
  File "/Users/ehsaasmittal/.local/share/nvim/mason/packages/pyre/venv/lib/python3.11/site-packages/pyre_check/client/commands/pyre_server_options.py", line 130, in read_server_options
    return server_options_reader()
           ^^^^^^^^^^^^^^^^^^^^^^^
  File "/Users/ehsaasmittal/.local/share/nvim/mason/packages/pyre/venv/lib/python3.11/site-packages/pyre_check/client/commands/pyre_server_options.py", line 115, in read
    return PyreServerOptions.create(
           ^^^^^^^^^^^^^^^^^^^^^^^^^
  File "/Users/ehsaasmittal/.local/share/nvim/mason/packages/pyre/venv/lib/python3.11/site-packages/pyre_check/client/commands/pyre_server_options.py", line 95, in create
    start_arguments = start.create_server_arguments(
                      ^^^^^^^^^^^^^^^^^^^^^^^^^^^^^^
  File "/Users/ehsaasmittal/.local/share/nvim/mason/packages/pyre/venv/lib/python3.11/site-packages/pyre_check/client/commands/start.py", line 316, in create_server_arguments
    source_paths = backend_arguments.get_source_path_for_server(
                   ^^^^^^^^^^^^^^^^^^^^^^^^^^^^^^^^^^^^^^^^^^^^^
  File "/Users/ehsaasmittal/.local/share/nvim/mason/packages/pyre/venv/lib/python3.11/site-packages/pyre_check/client/backend_arguments.py", line 398, in get_source_path_for_server
    return get_source_path(configuration, artifact_root_name, flavor, watchman_root)
           ^^^^^^^^^^^^^^^^^^^^^^^^^^^^^^^^^^^^^^^^^^^^^^^^^^^^^^^^^^^^^^^^^^^^^^^^^
  File "/Users/ehsaasmittal/.local/share/nvim/mason/packages/pyre/venv/lib/python3.11/site-packages/pyre_check/client/backend_arguments.py", line 379, in get_source_path
    raise configuration_module.InvalidConfiguration(
pyre_check.client.configuration.exceptions.InvalidConfiguration: Invalid configuration: Cannot find any source files to analyze. Either `source_directories` or `targets` must be specified.
2025-11-30 16:35:51,747 [PID 67815] DEBUG Using selector: KqueueSelector
2025-11-30 16:35:51,748 [PID 67815] INFO Reading Pyre server configurations...
2025-11-30 16:35:51,751 [PID 67815] ERROR Uncaught error in persistent.run
Traceback (most recent call last):
  File "/Users/ehsaasmittal/.local/share/nvim/mason/packages/pyre/venv/lib/python3.11/site-packages/pyre_check/client/commands/persistent.py", line 302, in run
    return asyncio.get_event_loop().run_until_complete(
           ^^^^^^^^^^^^^^^^^^^^^^^^^^^^^^^^^^^^^^^^^^^^
  File "/Library/Frameworks/Python.framework/Versions/3.11/lib/python3.11/asyncio/base_events.py", line 653, in run_until_complete
    return future.result()
           ^^^^^^^^^^^^^^^
  File "/Users/ehsaasmittal/.local/share/nvim/mason/packages/pyre/venv/lib/python3.11/site-packages/pyre_check/client/commands/persistent.py", line 225, in run_persistent
    initial_server_options = pyre_server_options.read_server_options(
                             ^^^^^^^^^^^^^^^^^^^^^^^^^^^^^^^^^^^^^^^^
  File "/Users/ehsaasmittal/.local/share/nvim/mason/packages/pyre/venv/lib/python3.11/site-packages/pyre_check/client/commands/pyre_server_options.py", line 130, in read_server_options
    return server_options_reader()
           ^^^^^^^^^^^^^^^^^^^^^^^
  File "/Users/ehsaasmittal/.local/share/nvim/mason/packages/pyre/venv/lib/python3.11/site-packages/pyre_check/client/commands/pyre_server_options.py", line 115, in read
    return PyreServerOptions.create(
           ^^^^^^^^^^^^^^^^^^^^^^^^^
  File "/Users/ehsaasmittal/.local/share/nvim/mason/packages/pyre/venv/lib/python3.11/site-packages/pyre_check/client/commands/pyre_server_options.py", line 95, in create
    start_arguments = start.create_server_arguments(
                      ^^^^^^^^^^^^^^^^^^^^^^^^^^^^^^
  File "/Users/ehsaasmittal/.local/share/nvim/mason/packages/pyre/venv/lib/python3.11/site-packages/pyre_check/client/commands/start.py", line 316, in create_server_arguments
    source_paths = backend_arguments.get_source_path_for_server(
                   ^^^^^^^^^^^^^^^^^^^^^^^^^^^^^^^^^^^^^^^^^^^^^
  File "/Users/ehsaasmittal/.local/share/nvim/mason/packages/pyre/venv/lib/python3.11/site-packages/pyre_check/client/backend_arguments.py", line 398, in get_source_path_for_server
    return get_source_path(configuration, artifact_root_name, flavor, watchman_root)
           ^^^^^^^^^^^^^^^^^^^^^^^^^^^^^^^^^^^^^^^^^^^^^^^^^^^^^^^^^^^^^^^^^^^^^^^^^
  File "/Users/ehsaasmittal/.local/share/nvim/mason/packages/pyre/venv/lib/python3.11/site-packages/pyre_check/client/backend_arguments.py", line 379, in get_source_path
    raise configuration_module.InvalidConfiguration(
pyre_check.client.configuration.exceptions.InvalidConfiguration: Invalid configuration: Cannot find any source files to analyze. Either `source_directories` or `targets` must be specified.
2025-11-30 16:50:16,168 [PID 68700] DEBUG Using selector: KqueueSelector
2025-11-30 16:50:16,169 [PID 68700] INFO Reading Pyre server configurations...
2025-11-30 16:50:16,173 [PID 68700] ERROR Uncaught error in persistent.run
Traceback (most recent call last):
  File "/Users/ehsaasmittal/.local/share/nvim/mason/packages/pyre/venv/lib/python3.11/site-packages/pyre_check/client/commands/persistent.py", line 302, in run
    return asyncio.get_event_loop().run_until_complete(
           ^^^^^^^^^^^^^^^^^^^^^^^^^^^^^^^^^^^^^^^^^^^^
  File "/Library/Frameworks/Python.framework/Versions/3.11/lib/python3.11/asyncio/base_events.py", line 653, in run_until_complete
    return future.result()
           ^^^^^^^^^^^^^^^
  File "/Users/ehsaasmittal/.local/share/nvim/mason/packages/pyre/venv/lib/python3.11/site-packages/pyre_check/client/commands/persistent.py", line 225, in run_persistent
    initial_server_options = pyre_server_options.read_server_options(
                             ^^^^^^^^^^^^^^^^^^^^^^^^^^^^^^^^^^^^^^^^
  File "/Users/ehsaasmittal/.local/share/nvim/mason/packages/pyre/venv/lib/python3.11/site-packages/pyre_check/client/commands/pyre_server_options.py", line 130, in read_server_options
    return server_options_reader()
           ^^^^^^^^^^^^^^^^^^^^^^^
  File "/Users/ehsaasmittal/.local/share/nvim/mason/packages/pyre/venv/lib/python3.11/site-packages/pyre_check/client/commands/pyre_server_options.py", line 115, in read
    return PyreServerOptions.create(
           ^^^^^^^^^^^^^^^^^^^^^^^^^
  File "/Users/ehsaasmittal/.local/share/nvim/mason/packages/pyre/venv/lib/python3.11/site-packages/pyre_check/client/commands/pyre_server_options.py", line 95, in create
    start_arguments = start.create_server_arguments(
                      ^^^^^^^^^^^^^^^^^^^^^^^^^^^^^^
  File "/Users/ehsaasmittal/.local/share/nvim/mason/packages/pyre/venv/lib/python3.11/site-packages/pyre_check/client/commands/start.py", line 316, in create_server_arguments
    source_paths = backend_arguments.get_source_path_for_server(
                   ^^^^^^^^^^^^^^^^^^^^^^^^^^^^^^^^^^^^^^^^^^^^^
  File "/Users/ehsaasmittal/.local/share/nvim/mason/packages/pyre/venv/lib/python3.11/site-packages/pyre_check/client/backend_arguments.py", line 398, in get_source_path_for_server
    return get_source_path(configuration, artifact_root_name, flavor, watchman_root)
           ^^^^^^^^^^^^^^^^^^^^^^^^^^^^^^^^^^^^^^^^^^^^^^^^^^^^^^^^^^^^^^^^^^^^^^^^^
  File "/Users/ehsaasmittal/.local/share/nvim/mason/packages/pyre/venv/lib/python3.11/site-packages/pyre_check/client/backend_arguments.py", line 379, in get_source_path
    raise configuration_module.InvalidConfiguration(
pyre_check.client.configuration.exceptions.InvalidConfiguration: Invalid configuration: Cannot find any source files to analyze. Either `source_directories` or `targets` must be specified.
2025-11-30 16:50:29,903 [PID 68784] DEBUG Using selector: KqueueSelector
2025-11-30 16:50:29,903 [PID 68784] INFO Reading Pyre server configurations...
2025-11-30 16:50:29,906 [PID 68784] ERROR Uncaught error in persistent.run
Traceback (most recent call last):
  File "/Users/ehsaasmittal/.local/share/nvim/mason/packages/pyre/venv/lib/python3.11/site-packages/pyre_check/client/commands/persistent.py", line 302, in run
    return asyncio.get_event_loop().run_until_complete(
           ^^^^^^^^^^^^^^^^^^^^^^^^^^^^^^^^^^^^^^^^^^^^
  File "/Library/Frameworks/Python.framework/Versions/3.11/lib/python3.11/asyncio/base_events.py", line 653, in run_until_complete
    return future.result()
           ^^^^^^^^^^^^^^^
  File "/Users/ehsaasmittal/.local/share/nvim/mason/packages/pyre/venv/lib/python3.11/site-packages/pyre_check/client/commands/persistent.py", line 225, in run_persistent
    initial_server_options = pyre_server_options.read_server_options(
                             ^^^^^^^^^^^^^^^^^^^^^^^^^^^^^^^^^^^^^^^^
  File "/Users/ehsaasmittal/.local/share/nvim/mason/packages/pyre/venv/lib/python3.11/site-packages/pyre_check/client/commands/pyre_server_options.py", line 130, in read_server_options
    return server_options_reader()
           ^^^^^^^^^^^^^^^^^^^^^^^
  File "/Users/ehsaasmittal/.local/share/nvim/mason/packages/pyre/venv/lib/python3.11/site-packages/pyre_check/client/commands/pyre_server_options.py", line 115, in read
    return PyreServerOptions.create(
           ^^^^^^^^^^^^^^^^^^^^^^^^^
  File "/Users/ehsaasmittal/.local/share/nvim/mason/packages/pyre/venv/lib/python3.11/site-packages/pyre_check/client/commands/pyre_server_options.py", line 95, in create
    start_arguments = start.create_server_arguments(
                      ^^^^^^^^^^^^^^^^^^^^^^^^^^^^^^
  File "/Users/ehsaasmittal/.local/share/nvim/mason/packages/pyre/venv/lib/python3.11/site-packages/pyre_check/client/commands/start.py", line 316, in create_server_arguments
    source_paths = backend_arguments.get_source_path_for_server(
                   ^^^^^^^^^^^^^^^^^^^^^^^^^^^^^^^^^^^^^^^^^^^^^
  File "/Users/ehsaasmittal/.local/share/nvim/mason/packages/pyre/venv/lib/python3.11/site-packages/pyre_check/client/backend_arguments.py", line 398, in get_source_path_for_server
    return get_source_path(configuration, artifact_root_name, flavor, watchman_root)
           ^^^^^^^^^^^^^^^^^^^^^^^^^^^^^^^^^^^^^^^^^^^^^^^^^^^^^^^^^^^^^^^^^^^^^^^^^
  File "/Users/ehsaasmittal/.local/share/nvim/mason/packages/pyre/venv/lib/python3.11/site-packages/pyre_check/client/backend_arguments.py", line 379, in get_source_path
    raise configuration_module.InvalidConfiguration(
pyre_check.client.configuration.exceptions.InvalidConfiguration: Invalid configuration: Cannot find any source files to analyze. Either `source_directories` or `targets` must be specified.
2025-11-30 17:39:07,513 [PID 70833] DEBUG Using selector: KqueueSelector
2025-11-30 17:39:07,515 [PID 70833] INFO Reading Pyre server configurations...
2025-11-30 17:39:07,518 [PID 70833] ERROR Uncaught error in persistent.run
Traceback (most recent call last):
  File "/Users/ehsaasmittal/.local/share/nvim/mason/packages/pyre/venv/lib/python3.11/site-packages/pyre_check/client/commands/persistent.py", line 302, in run
    return asyncio.get_event_loop().run_until_complete(
           ^^^^^^^^^^^^^^^^^^^^^^^^^^^^^^^^^^^^^^^^^^^^
  File "/Library/Frameworks/Python.framework/Versions/3.11/lib/python3.11/asyncio/base_events.py", line 653, in run_until_complete
    return future.result()
           ^^^^^^^^^^^^^^^
  File "/Users/ehsaasmittal/.local/share/nvim/mason/packages/pyre/venv/lib/python3.11/site-packages/pyre_check/client/commands/persistent.py", line 225, in run_persistent
    initial_server_options = pyre_server_options.read_server_options(
                             ^^^^^^^^^^^^^^^^^^^^^^^^^^^^^^^^^^^^^^^^
  File "/Users/ehsaasmittal/.local/share/nvim/mason/packages/pyre/venv/lib/python3.11/site-packages/pyre_check/client/commands/pyre_server_options.py", line 130, in read_server_options
    return server_options_reader()
           ^^^^^^^^^^^^^^^^^^^^^^^
  File "/Users/ehsaasmittal/.local/share/nvim/mason/packages/pyre/venv/lib/python3.11/site-packages/pyre_check/client/commands/pyre_server_options.py", line 115, in read
    return PyreServerOptions.create(
           ^^^^^^^^^^^^^^^^^^^^^^^^^
  File "/Users/ehsaasmittal/.local/share/nvim/mason/packages/pyre/venv/lib/python3.11/site-packages/pyre_check/client/commands/pyre_server_options.py", line 95, in create
    start_arguments = start.create_server_arguments(
                      ^^^^^^^^^^^^^^^^^^^^^^^^^^^^^^
  File "/Users/ehsaasmittal/.local/share/nvim/mason/packages/pyre/venv/lib/python3.11/site-packages/pyre_check/client/commands/start.py", line 316, in create_server_arguments
    source_paths = backend_arguments.get_source_path_for_server(
                   ^^^^^^^^^^^^^^^^^^^^^^^^^^^^^^^^^^^^^^^^^^^^^
  File "/Users/ehsaasmittal/.local/share/nvim/mason/packages/pyre/venv/lib/python3.11/site-packages/pyre_check/client/backend_arguments.py", line 398, in get_source_path_for_server
    return get_source_path(configuration, artifact_root_name, flavor, watchman_root)
           ^^^^^^^^^^^^^^^^^^^^^^^^^^^^^^^^^^^^^^^^^^^^^^^^^^^^^^^^^^^^^^^^^^^^^^^^^
  File "/Users/ehsaasmittal/.local/share/nvim/mason/packages/pyre/venv/lib/python3.11/site-packages/pyre_check/client/backend_arguments.py", line 379, in get_source_path
    raise configuration_module.InvalidConfiguration(
pyre_check.client.configuration.exceptions.InvalidConfiguration: Invalid configuration: Cannot find any source files to analyze. Either `source_directories` or `targets` must be specified.
