2025-11-29 03:00:57,886 [PID 32002] DEBUG Using selector: KqueueSelector
2025-11-29 03:00:57,887 [PID 32002] INFO Reading Pyre server configurations...
2025-11-29 03:00:57,889 [PID 32002] ERROR Uncaught error in persistent.run
Traceback (most recent call last):
  File "/Users/ehsaasmittal/.local/share/nvim/mason/packages/pyre/venv/lib/python3.11/site-packages/pyre_check/client/commands/persistent.py", line 302, in run
    return asyncio.get_event_loop().run_until_complete(
           ^^^^^^^^^^^^^^^^^^^^^^^^^^^^^^^^^^^^^^^^^^^^
  File "/Library/Frameworks/Python.framework/Versions/3.11/lib/python3.11/asyncio/base_events.py", line 653, in run_until_complete
    return future.result()
           ^^^^^^^^^^^^^^^
  File "/Users/ehsaasmittal/.local/share/nvim/mason/packages/pyre/venv/lib/python3.11/site-packages/pyre_check/client/commands/persistent.py", line 225, in run_persistent
    initial_server_options = pyre_server_options.read_server_options(
                             ^^^^^^^^^^^^^^^^^^^^^^^^^^^^^^^^^^^^^^^^
  File "/Users/ehsaasmittal/.local/share/nvim/mason/packages/pyre/venv/lib/python3.11/site-packages/pyre_check/client/commands/pyre_server_options.py", line 130, in read_server_options
    return server_options_reader()
           ^^^^^^^^^^^^^^^^^^^^^^^
  File "/Users/ehsaasmittal/.local/share/nvim/mason/packages/pyre/venv/lib/python3.11/site-packages/pyre_check/client/commands/pyre_server_options.py", line 115, in read
    return PyreServerOptions.create(
           ^^^^^^^^^^^^^^^^^^^^^^^^^
  File "/Users/ehsaasmittal/.local/share/nvim/mason/packages/pyre/venv/lib/python3.11/site-packages/pyre_check/client/commands/pyre_server_options.py", line 95, in create
    start_arguments = start.create_server_arguments(
                      ^^^^^^^^^^^^^^^^^^^^^^^^^^^^^^
  File "/Users/ehsaasmittal/.local/share/nvim/mason/packages/pyre/venv/lib/python3.11/site-packages/pyre_check/client/commands/start.py", line 316, in create_server_arguments
    source_paths = backend_arguments.get_source_path_for_server(
                   ^^^^^^^^^^^^^^^^^^^^^^^^^^^^^^^^^^^^^^^^^^^^^
  File "/Users/ehsaasmittal/.local/share/nvim/mason/packages/pyre/venv/lib/python3.11/site-packages/pyre_check/client/backend_arguments.py", line 398, in get_source_path_for_server
    return get_source_path(configuration, artifact_root_name, flavor, watchman_root)
           ^^^^^^^^^^^^^^^^^^^^^^^^^^^^^^^^^^^^^^^^^^^^^^^^^^^^^^^^^^^^^^^^^^^^^^^^^
  File "/Users/ehsaasmittal/.local/share/nvim/mason/packages/pyre/venv/lib/python3.11/site-packages/pyre_check/client/backend_arguments.py", line 379, in get_source_path
    raise configuration_module.InvalidConfiguration(
pyre_check.client.configuration.exceptions.InvalidConfiguration: Invalid configuration: Cannot find any source files to analyze. Either `source_directories` or `targets` must be specified.
2025-11-29 03:01:55,770 [PID 32175] DEBUG Using selector: KqueueSelector
2025-11-29 03:01:55,770 [PID 32175] INFO Reading Pyre server configurations...
2025-11-29 03:01:55,774 [PID 32175] ERROR Uncaught error in persistent.run
Traceback (most recent call last):
  File "/Users/ehsaasmittal/.local/share/nvim/mason/packages/pyre/venv/lib/python3.11/site-packages/pyre_check/client/commands/persistent.py", line 302, in run
    return asyncio.get_event_loop().run_until_complete(
           ^^^^^^^^^^^^^^^^^^^^^^^^^^^^^^^^^^^^^^^^^^^^
  File "/Library/Frameworks/Python.framework/Versions/3.11/lib/python3.11/asyncio/base_events.py", line 653, in run_until_complete
    return future.result()
           ^^^^^^^^^^^^^^^
  File "/Users/ehsaasmittal/.local/share/nvim/mason/packages/pyre/venv/lib/python3.11/site-packages/pyre_check/client/commands/persistent.py", line 225, in run_persistent
    initial_server_options = pyre_server_options.read_server_options(
                             ^^^^^^^^^^^^^^^^^^^^^^^^^^^^^^^^^^^^^^^^
  File "/Users/ehsaasmittal/.local/share/nvim/mason/packages/pyre/venv/lib/python3.11/site-packages/pyre_check/client/commands/pyre_server_options.py", line 130, in read_server_options
    return server_options_reader()
           ^^^^^^^^^^^^^^^^^^^^^^^
  File "/Users/ehsaasmittal/.local/share/nvim/mason/packages/pyre/venv/lib/python3.11/site-packages/pyre_check/client/commands/pyre_server_options.py", line 115, in read
    return PyreServerOptions.create(
           ^^^^^^^^^^^^^^^^^^^^^^^^^
  File "/Users/ehsaasmittal/.local/share/nvim/mason/packages/pyre/venv/lib/python3.11/site-packages/pyre_check/client/commands/pyre_server_options.py", line 95, in create
    start_arguments = start.create_server_arguments(
                      ^^^^^^^^^^^^^^^^^^^^^^^^^^^^^^
  File "/Users/ehsaasmittal/.local/share/nvim/mason/packages/pyre/venv/lib/python3.11/site-packages/pyre_check/client/commands/start.py", line 316, in create_server_arguments
    source_paths = backend_arguments.get_source_path_for_server(
                   ^^^^^^^^^^^^^^^^^^^^^^^^^^^^^^^^^^^^^^^^^^^^^
  File "/Users/ehsaasmittal/.local/share/nvim/mason/packages/pyre/venv/lib/python3.11/site-packages/pyre_check/client/backend_arguments.py", line 398, in get_source_path_for_server
    return get_source_path(configuration, artifact_root_name, flavor, watchman_root)
           ^^^^^^^^^^^^^^^^^^^^^^^^^^^^^^^^^^^^^^^^^^^^^^^^^^^^^^^^^^^^^^^^^^^^^^^^^
  File "/Users/ehsaasmittal/.local/share/nvim/mason/packages/pyre/venv/lib/python3.11/site-packages/pyre_check/client/backend_arguments.py", line 379, in get_source_path
    raise configuration_module.InvalidConfiguration(
pyre_check.client.configuration.exceptions.InvalidConfiguration: Invalid configuration: Cannot find any source files to analyze. Either `source_directories` or `targets` must be specified.
2025-11-29 03:02:45,265 [PID 32310] DEBUG Using selector: KqueueSelector
2025-11-29 03:02:45,265 [PID 32310] INFO Reading Pyre server configurations...
2025-11-29 03:02:45,268 [PID 32310] ERROR Uncaught error in persistent.run
Traceback (most recent call last):
  File "/Users/ehsaasmittal/.local/share/nvim/mason/packages/pyre/venv/lib/python3.11/site-packages/pyre_check/client/commands/persistent.py", line 302, in run
    return asyncio.get_event_loop().run_until_complete(
           ^^^^^^^^^^^^^^^^^^^^^^^^^^^^^^^^^^^^^^^^^^^^
  File "/Library/Frameworks/Python.framework/Versions/3.11/lib/python3.11/asyncio/base_events.py", line 653, in run_until_complete
    return future.result()
           ^^^^^^^^^^^^^^^
  File "/Users/ehsaasmittal/.local/share/nvim/mason/packages/pyre/venv/lib/python3.11/site-packages/pyre_check/client/commands/persistent.py", line 225, in run_persistent
    initial_server_options = pyre_server_options.read_server_options(
                             ^^^^^^^^^^^^^^^^^^^^^^^^^^^^^^^^^^^^^^^^
  File "/Users/ehsaasmittal/.local/share/nvim/mason/packages/pyre/venv/lib/python3.11/site-packages/pyre_check/client/commands/pyre_server_options.py", line 130, in read_server_options
    return server_options_reader()
           ^^^^^^^^^^^^^^^^^^^^^^^
  File "/Users/ehsaasmittal/.local/share/nvim/mason/packages/pyre/venv/lib/python3.11/site-packages/pyre_check/client/commands/pyre_server_options.py", line 115, in read
    return PyreServerOptions.create(
           ^^^^^^^^^^^^^^^^^^^^^^^^^
  File "/Users/ehsaasmittal/.local/share/nvim/mason/packages/pyre/venv/lib/python3.11/site-packages/pyre_check/client/commands/pyre_server_options.py", line 95, in create
    start_arguments = start.create_server_arguments(
                      ^^^^^^^^^^^^^^^^^^^^^^^^^^^^^^
  File "/Users/ehsaasmittal/.local/share/nvim/mason/packages/pyre/venv/lib/python3.11/site-packages/pyre_check/client/commands/start.py", line 316, in create_server_arguments
    source_paths = backend_arguments.get_source_path_for_server(
                   ^^^^^^^^^^^^^^^^^^^^^^^^^^^^^^^^^^^^^^^^^^^^^
  File "/Users/ehsaasmittal/.local/share/nvim/mason/packages/pyre/venv/lib/python3.11/site-packages/pyre_check/client/backend_arguments.py", line 398, in get_source_path_for_server
    return get_source_path(configuration, artifact_root_name, flavor, watchman_root)
           ^^^^^^^^^^^^^^^^^^^^^^^^^^^^^^^^^^^^^^^^^^^^^^^^^^^^^^^^^^^^^^^^^^^^^^^^^
  File "/Users/ehsaasmittal/.local/share/nvim/mason/packages/pyre/venv/lib/python3.11/site-packages/pyre_check/client/backend_arguments.py", line 379, in get_source_path
    raise configuration_module.InvalidConfiguration(
pyre_check.client.configuration.exceptions.InvalidConfiguration: Invalid configuration: Cannot find any source files to analyze. Either `source_directories` or `targets` must be specified.
2025-11-29 03:09:40,795 [PID 38397] DEBUG Using selector: KqueueSelector
2025-11-29 03:09:40,797 [PID 38397] INFO Reading Pyre server configurations...
2025-11-29 03:09:40,803 [PID 38397] ERROR Uncaught error in persistent.run
Traceback (most recent call last):
  File "/Users/ehsaasmittal/.local/share/nvim/mason/packages/pyre/venv/lib/python3.11/site-packages/pyre_check/client/commands/persistent.py", line 302, in run
    return asyncio.get_event_loop().run_until_complete(
           ^^^^^^^^^^^^^^^^^^^^^^^^^^^^^^^^^^^^^^^^^^^^
  File "/Library/Frameworks/Python.framework/Versions/3.11/lib/python3.11/asyncio/base_events.py", line 653, in run_until_complete
    return future.result()
           ^^^^^^^^^^^^^^^
  File "/Users/ehsaasmittal/.local/share/nvim/mason/packages/pyre/venv/lib/python3.11/site-packages/pyre_check/client/commands/persistent.py", line 225, in run_persistent
    initial_server_options = pyre_server_options.read_server_options(
                             ^^^^^^^^^^^^^^^^^^^^^^^^^^^^^^^^^^^^^^^^
  File "/Users/ehsaasmittal/.local/share/nvim/mason/packages/pyre/venv/lib/python3.11/site-packages/pyre_check/client/commands/pyre_server_options.py", line 130, in read_server_options
    return server_options_reader()
           ^^^^^^^^^^^^^^^^^^^^^^^
  File "/Users/ehsaasmittal/.local/share/nvim/mason/packages/pyre/venv/lib/python3.11/site-packages/pyre_check/client/commands/pyre_server_options.py", line 115, in read
    return PyreServerOptions.create(
           ^^^^^^^^^^^^^^^^^^^^^^^^^
  File "/Users/ehsaasmittal/.local/share/nvim/mason/packages/pyre/venv/lib/python3.11/site-packages/pyre_check/client/commands/pyre_server_options.py", line 95, in create
    start_arguments = start.create_server_arguments(
                      ^^^^^^^^^^^^^^^^^^^^^^^^^^^^^^
  File "/Users/ehsaasmittal/.local/share/nvim/mason/packages/pyre/venv/lib/python3.11/site-packages/pyre_check/client/commands/start.py", line 316, in create_server_arguments
    source_paths = backend_arguments.get_source_path_for_server(
                   ^^^^^^^^^^^^^^^^^^^^^^^^^^^^^^^^^^^^^^^^^^^^^
  File "/Users/ehsaasmittal/.local/share/nvim/mason/packages/pyre/venv/lib/python3.11/site-packages/pyre_check/client/backend_arguments.py", line 398, in get_source_path_for_server
    return get_source_path(configuration, artifact_root_name, flavor, watchman_root)
           ^^^^^^^^^^^^^^^^^^^^^^^^^^^^^^^^^^^^^^^^^^^^^^^^^^^^^^^^^^^^^^^^^^^^^^^^^
  File "/Users/ehsaasmittal/.local/share/nvim/mason/packages/pyre/venv/lib/python3.11/site-packages/pyre_check/client/backend_arguments.py", line 379, in get_source_path
    raise configuration_module.InvalidConfiguration(
pyre_check.client.configuration.exceptions.InvalidConfiguration: Invalid configuration: Cannot find any source files to analyze. Either `source_directories` or `targets` must be specified.
2025-11-29 03:12:51,249 [PID 39244] DEBUG Using selector: KqueueSelector
2025-11-29 03:12:51,251 [PID 39244] INFO Reading Pyre server configurations...
2025-11-29 03:12:51,255 [PID 39244] ERROR Uncaught error in persistent.run
Traceback (most recent call last):
  File "/Users/ehsaasmittal/.local/share/nvim/mason/packages/pyre/venv/lib/python3.11/site-packages/pyre_check/client/commands/persistent.py", line 302, in run
    return asyncio.get_event_loop().run_until_complete(
           ^^^^^^^^^^^^^^^^^^^^^^^^^^^^^^^^^^^^^^^^^^^^
  File "/Library/Frameworks/Python.framework/Versions/3.11/lib/python3.11/asyncio/base_events.py", line 653, in run_until_complete
    return future.result()
           ^^^^^^^^^^^^^^^
  File "/Users/ehsaasmittal/.local/share/nvim/mason/packages/pyre/venv/lib/python3.11/site-packages/pyre_check/client/commands/persistent.py", line 225, in run_persistent
    initial_server_options = pyre_server_options.read_server_options(
                             ^^^^^^^^^^^^^^^^^^^^^^^^^^^^^^^^^^^^^^^^
  File "/Users/ehsaasmittal/.local/share/nvim/mason/packages/pyre/venv/lib/python3.11/site-packages/pyre_check/client/commands/pyre_server_options.py", line 130, in read_server_options
    return server_options_reader()
           ^^^^^^^^^^^^^^^^^^^^^^^
  File "/Users/ehsaasmittal/.local/share/nvim/mason/packages/pyre/venv/lib/python3.11/site-packages/pyre_check/client/commands/pyre_server_options.py", line 115, in read
    return PyreServerOptions.create(
           ^^^^^^^^^^^^^^^^^^^^^^^^^
  File "/Users/ehsaasmittal/.local/share/nvim/mason/packages/pyre/venv/lib/python3.11/site-packages/pyre_check/client/commands/pyre_server_options.py", line 95, in create
    start_arguments = start.create_server_arguments(
                      ^^^^^^^^^^^^^^^^^^^^^^^^^^^^^^
  File "/Users/ehsaasmittal/.local/share/nvim/mason/packages/pyre/venv/lib/python3.11/site-packages/pyre_check/client/commands/start.py", line 316, in create_server_arguments
    source_paths = backend_arguments.get_source_path_for_server(
                   ^^^^^^^^^^^^^^^^^^^^^^^^^^^^^^^^^^^^^^^^^^^^^
  File "/Users/ehsaasmittal/.local/share/nvim/mason/packages/pyre/venv/lib/python3.11/site-packages/pyre_check/client/backend_arguments.py", line 398, in get_source_path_for_server
    return get_source_path(configuration, artifact_root_name, flavor, watchman_root)
           ^^^^^^^^^^^^^^^^^^^^^^^^^^^^^^^^^^^^^^^^^^^^^^^^^^^^^^^^^^^^^^^^^^^^^^^^^
  File "/Users/ehsaasmittal/.local/share/nvim/mason/packages/pyre/venv/lib/python3.11/site-packages/pyre_check/client/backend_arguments.py", line 379, in get_source_path
    raise configuration_module.InvalidConfiguration(
pyre_check.client.configuration.exceptions.InvalidConfiguration: Invalid configuration: Cannot find any source files to analyze. Either `source_directories` or `targets` must be specified.
2025-11-29 03:20:56,564 [PID 40657] DEBUG Using selector: KqueueSelector
2025-11-29 03:20:56,566 [PID 40657] INFO Reading Pyre server configurations...
2025-11-29 03:20:56,571 [PID 40657] ERROR Uncaught error in persistent.run
Traceback (most recent call last):
  File "/Users/ehsaasmittal/.local/share/nvim/mason/packages/pyre/venv/lib/python3.11/site-packages/pyre_check/client/commands/persistent.py", line 302, in run
    return asyncio.get_event_loop().run_until_complete(
           ^^^^^^^^^^^^^^^^^^^^^^^^^^^^^^^^^^^^^^^^^^^^
  File "/Library/Frameworks/Python.framework/Versions/3.11/lib/python3.11/asyncio/base_events.py", line 653, in run_until_complete
    return future.result()
           ^^^^^^^^^^^^^^^
  File "/Users/ehsaasmittal/.local/share/nvim/mason/packages/pyre/venv/lib/python3.11/site-packages/pyre_check/client/commands/persistent.py", line 225, in run_persistent
    initial_server_options = pyre_server_options.read_server_options(
                             ^^^^^^^^^^^^^^^^^^^^^^^^^^^^^^^^^^^^^^^^
  File "/Users/ehsaasmittal/.local/share/nvim/mason/packages/pyre/venv/lib/python3.11/site-packages/pyre_check/client/commands/pyre_server_options.py", line 130, in read_server_options
    return server_options_reader()
           ^^^^^^^^^^^^^^^^^^^^^^^
  File "/Users/ehsaasmittal/.local/share/nvim/mason/packages/pyre/venv/lib/python3.11/site-packages/pyre_check/client/commands/pyre_server_options.py", line 115, in read
    return PyreServerOptions.create(
           ^^^^^^^^^^^^^^^^^^^^^^^^^
  File "/Users/ehsaasmittal/.local/share/nvim/mason/packages/pyre/venv/lib/python3.11/site-packages/pyre_check/client/commands/pyre_server_options.py", line 95, in create
    start_arguments = start.create_server_arguments(
                      ^^^^^^^^^^^^^^^^^^^^^^^^^^^^^^
  File "/Users/ehsaasmittal/.local/share/nvim/mason/packages/pyre/venv/lib/python3.11/site-packages/pyre_check/client/commands/start.py", line 316, in create_server_arguments
    source_paths = backend_arguments.get_source_path_for_server(
                   ^^^^^^^^^^^^^^^^^^^^^^^^^^^^^^^^^^^^^^^^^^^^^
  File "/Users/ehsaasmittal/.local/share/nvim/mason/packages/pyre/venv/lib/python3.11/site-packages/pyre_check/client/backend_arguments.py", line 398, in get_source_path_for_server
    return get_source_path(configuration, artifact_root_name, flavor, watchman_root)
           ^^^^^^^^^^^^^^^^^^^^^^^^^^^^^^^^^^^^^^^^^^^^^^^^^^^^^^^^^^^^^^^^^^^^^^^^^
  File "/Users/ehsaasmittal/.local/share/nvim/mason/packages/pyre/venv/lib/python3.11/site-packages/pyre_check/client/backend_arguments.py", line 379, in get_source_path
    raise configuration_module.InvalidConfiguration(
pyre_check.client.configuration.exceptions.InvalidConfiguration: Invalid configuration: Cannot find any source files to analyze. Either `source_directories` or `targets` must be specified.
2025-11-29 03:22:57,350 [PID 40817] DEBUG Using selector: KqueueSelector
2025-11-29 03:22:57,351 [PID 40817] INFO Reading Pyre server configurations...
2025-11-29 03:22:57,354 [PID 40817] ERROR Uncaught error in persistent.run
Traceback (most recent call last):
  File "/Users/ehsaasmittal/.local/share/nvim/mason/packages/pyre/venv/lib/python3.11/site-packages/pyre_check/client/commands/persistent.py", line 302, in run
    return asyncio.get_event_loop().run_until_complete(
           ^^^^^^^^^^^^^^^^^^^^^^^^^^^^^^^^^^^^^^^^^^^^
  File "/Library/Frameworks/Python.framework/Versions/3.11/lib/python3.11/asyncio/base_events.py", line 653, in run_until_complete
    return future.result()
           ^^^^^^^^^^^^^^^
  File "/Users/ehsaasmittal/.local/share/nvim/mason/packages/pyre/venv/lib/python3.11/site-packages/pyre_check/client/commands/persistent.py", line 225, in run_persistent
    initial_server_options = pyre_server_options.read_server_options(
                             ^^^^^^^^^^^^^^^^^^^^^^^^^^^^^^^^^^^^^^^^
  File "/Users/ehsaasmittal/.local/share/nvim/mason/packages/pyre/venv/lib/python3.11/site-packages/pyre_check/client/commands/pyre_server_options.py", line 130, in read_server_options
    return server_options_reader()
           ^^^^^^^^^^^^^^^^^^^^^^^
  File "/Users/ehsaasmittal/.local/share/nvim/mason/packages/pyre/venv/lib/python3.11/site-packages/pyre_check/client/commands/pyre_server_options.py", line 115, in read
    return PyreServerOptions.create(
           ^^^^^^^^^^^^^^^^^^^^^^^^^
  File "/Users/ehsaasmittal/.local/share/nvim/mason/packages/pyre/venv/lib/python3.11/site-packages/pyre_check/client/commands/pyre_server_options.py", line 95, in create
    start_arguments = start.create_server_arguments(
                      ^^^^^^^^^^^^^^^^^^^^^^^^^^^^^^
  File "/Users/ehsaasmittal/.local/share/nvim/mason/packages/pyre/venv/lib/python3.11/site-packages/pyre_check/client/commands/start.py", line 316, in create_server_arguments
    source_paths = backend_arguments.get_source_path_for_server(
                   ^^^^^^^^^^^^^^^^^^^^^^^^^^^^^^^^^^^^^^^^^^^^^
  File "/Users/ehsaasmittal/.local/share/nvim/mason/packages/pyre/venv/lib/python3.11/site-packages/pyre_check/client/backend_arguments.py", line 398, in get_source_path_for_server
    return get_source_path(configuration, artifact_root_name, flavor, watchman_root)
           ^^^^^^^^^^^^^^^^^^^^^^^^^^^^^^^^^^^^^^^^^^^^^^^^^^^^^^^^^^^^^^^^^^^^^^^^^
  File "/Users/ehsaasmittal/.local/share/nvim/mason/packages/pyre/venv/lib/python3.11/site-packages/pyre_check/client/backend_arguments.py", line 379, in get_source_path
    raise configuration_module.InvalidConfiguration(
pyre_check.client.configuration.exceptions.InvalidConfiguration: Invalid configuration: Cannot find any source files to analyze. Either `source_directories` or `targets` must be specified.
2025-11-29 05:06:58,573 [PID 53124] DEBUG Using selector: KqueueSelector
2025-11-29 05:06:58,574 [PID 53124] INFO Reading Pyre server configurations...
2025-11-29 05:06:58,577 [PID 53124] ERROR Uncaught error in persistent.run
Traceback (most recent call last):
  File "/Users/ehsaasmittal/.local/share/nvim/mason/packages/pyre/venv/lib/python3.11/site-packages/pyre_check/client/commands/persistent.py", line 302, in run
    return asyncio.get_event_loop().run_until_complete(
           ^^^^^^^^^^^^^^^^^^^^^^^^^^^^^^^^^^^^^^^^^^^^
  File "/Library/Frameworks/Python.framework/Versions/3.11/lib/python3.11/asyncio/base_events.py", line 653, in run_until_complete
    return future.result()
           ^^^^^^^^^^^^^^^
  File "/Users/ehsaasmittal/.local/share/nvim/mason/packages/pyre/venv/lib/python3.11/site-packages/pyre_check/client/commands/persistent.py", line 225, in run_persistent
    initial_server_options = pyre_server_options.read_server_options(
                             ^^^^^^^^^^^^^^^^^^^^^^^^^^^^^^^^^^^^^^^^
  File "/Users/ehsaasmittal/.local/share/nvim/mason/packages/pyre/venv/lib/python3.11/site-packages/pyre_check/client/commands/pyre_server_options.py", line 130, in read_server_options
    return server_options_reader()
           ^^^^^^^^^^^^^^^^^^^^^^^
  File "/Users/ehsaasmittal/.local/share/nvim/mason/packages/pyre/venv/lib/python3.11/site-packages/pyre_check/client/commands/pyre_server_options.py", line 115, in read
    return PyreServerOptions.create(
           ^^^^^^^^^^^^^^^^^^^^^^^^^
  File "/Users/ehsaasmittal/.local/share/nvim/mason/packages/pyre/venv/lib/python3.11/site-packages/pyre_check/client/commands/pyre_server_options.py", line 95, in create
    start_arguments = start.create_server_arguments(
                      ^^^^^^^^^^^^^^^^^^^^^^^^^^^^^^
  File "/Users/ehsaasmittal/.local/share/nvim/mason/packages/pyre/venv/lib/python3.11/site-packages/pyre_check/client/commands/start.py", line 316, in create_server_arguments
    source_paths = backend_arguments.get_source_path_for_server(
                   ^^^^^^^^^^^^^^^^^^^^^^^^^^^^^^^^^^^^^^^^^^^^^
  File "/Users/ehsaasmittal/.local/share/nvim/mason/packages/pyre/venv/lib/python3.11/site-packages/pyre_check/client/backend_arguments.py", line 398, in get_source_path_for_server
    return get_source_path(configuration, artifact_root_name, flavor, watchman_root)
           ^^^^^^^^^^^^^^^^^^^^^^^^^^^^^^^^^^^^^^^^^^^^^^^^^^^^^^^^^^^^^^^^^^^^^^^^^
  File "/Users/ehsaasmittal/.local/share/nvim/mason/packages/pyre/venv/lib/python3.11/site-packages/pyre_check/client/backend_arguments.py", line 379, in get_source_path
    raise configuration_module.InvalidConfiguration(
pyre_check.client.configuration.exceptions.InvalidConfiguration: Invalid configuration: Cannot find any source files to analyze. Either `source_directories` or `targets` must be specified.
2025-11-29 16:31:58,085 [PID 59327] DEBUG Using selector: KqueueSelector
2025-11-29 16:31:58,085 [PID 59327] INFO Reading Pyre server configurations...
2025-11-29 16:31:58,087 [PID 59327] ERROR Uncaught error in persistent.run
Traceback (most recent call last):
  File "/Users/ehsaasmittal/.local/share/nvim/mason/packages/pyre/venv/lib/python3.11/site-packages/pyre_check/client/commands/persistent.py", line 302, in run
    return asyncio.get_event_loop().run_until_complete(
           ^^^^^^^^^^^^^^^^^^^^^^^^^^^^^^^^^^^^^^^^^^^^
  File "/Library/Frameworks/Python.framework/Versions/3.11/lib/python3.11/asyncio/base_events.py", line 653, in run_until_complete
    return future.result()
           ^^^^^^^^^^^^^^^
  File "/Users/ehsaasmittal/.local/share/nvim/mason/packages/pyre/venv/lib/python3.11/site-packages/pyre_check/client/commands/persistent.py", line 225, in run_persistent
    initial_server_options = pyre_server_options.read_server_options(
                             ^^^^^^^^^^^^^^^^^^^^^^^^^^^^^^^^^^^^^^^^
  File "/Users/ehsaasmittal/.local/share/nvim/mason/packages/pyre/venv/lib/python3.11/site-packages/pyre_check/client/commands/pyre_server_options.py", line 130, in read_server_options
    return server_options_reader()
           ^^^^^^^^^^^^^^^^^^^^^^^
  File "/Users/ehsaasmittal/.local/share/nvim/mason/packages/pyre/venv/lib/python3.11/site-packages/pyre_check/client/commands/pyre_server_options.py", line 115, in read
    return PyreServerOptions.create(
           ^^^^^^^^^^^^^^^^^^^^^^^^^
  File "/Users/ehsaasmittal/.local/share/nvim/mason/packages/pyre/venv/lib/python3.11/site-packages/pyre_check/client/commands/pyre_server_options.py", line 95, in create
    start_arguments = start.create_server_arguments(
                      ^^^^^^^^^^^^^^^^^^^^^^^^^^^^^^
  File "/Users/ehsaasmittal/.local/share/nvim/mason/packages/pyre/venv/lib/python3.11/site-packages/pyre_check/client/commands/start.py", line 316, in create_server_arguments
    source_paths = backend_arguments.get_source_path_for_server(
                   ^^^^^^^^^^^^^^^^^^^^^^^^^^^^^^^^^^^^^^^^^^^^^
  File "/Users/ehsaasmittal/.local/share/nvim/mason/packages/pyre/venv/lib/python3.11/site-packages/pyre_check/client/backend_arguments.py", line 398, in get_source_path_for_server
    return get_source_path(configuration, artifact_root_name, flavor, watchman_root)
           ^^^^^^^^^^^^^^^^^^^^^^^^^^^^^^^^^^^^^^^^^^^^^^^^^^^^^^^^^^^^^^^^^^^^^^^^^
  File "/Users/ehsaasmittal/.local/share/nvim/mason/packages/pyre/venv/lib/python3.11/site-packages/pyre_check/client/backend_arguments.py", line 379, in get_source_path
    raise configuration_module.InvalidConfiguration(
pyre_check.client.configuration.exceptions.InvalidConfiguration: Invalid configuration: Cannot find any source files to analyze. Either `source_directories` or `targets` must be specified.
