2025-11-29 04:43:30,679 [PID 49344] DEBUG Using selector: KqueueSelector
2025-11-29 04:43:30,680 [PID 49344] INFO Reading Pyre server configurations...
2025-11-29 04:43:30,683 [PID 49344] ERROR Uncaught error in persistent.run
Traceback (most recent call last):
  File "/Users/ehsaasmittal/.local/share/nvim/mason/packages/pyre/venv/lib/python3.11/site-packages/pyre_check/client/commands/persistent.py", line 302, in run
    return asyncio.get_event_loop().run_until_complete(
           ^^^^^^^^^^^^^^^^^^^^^^^^^^^^^^^^^^^^^^^^^^^^
  File "/Library/Frameworks/Python.framework/Versions/3.11/lib/python3.11/asyncio/base_events.py", line 653, in run_until_complete
    return future.result()
           ^^^^^^^^^^^^^^^
  File "/Users/ehsaasmittal/.local/share/nvim/mason/packages/pyre/venv/lib/python3.11/site-packages/pyre_check/client/commands/persistent.py", line 225, in run_persistent
    initial_server_options = pyre_server_options.read_server_options(
                             ^^^^^^^^^^^^^^^^^^^^^^^^^^^^^^^^^^^^^^^^
  File "/Users/ehsaasmittal/.local/share/nvim/mason/packages/pyre/venv/lib/python3.11/site-packages/pyre_check/client/commands/pyre_server_options.py", line 130, in read_server_options
    return server_options_reader()
           ^^^^^^^^^^^^^^^^^^^^^^^
  File "/Users/ehsaasmittal/.local/share/nvim/mason/packages/pyre/venv/lib/python3.11/site-packages/pyre_check/client/commands/pyre_server_options.py", line 115, in read
    return PyreServerOptions.create(
           ^^^^^^^^^^^^^^^^^^^^^^^^^
  File "/Users/ehsaasmittal/.local/share/nvim/mason/packages/pyre/venv/lib/python3.11/site-packages/pyre_check/client/commands/pyre_server_options.py", line 95, in create
    start_arguments = start.create_server_arguments(
                      ^^^^^^^^^^^^^^^^^^^^^^^^^^^^^^
  File "/Users/ehsaasmittal/.local/share/nvim/mason/packages/pyre/venv/lib/python3.11/site-packages/pyre_check/client/commands/start.py", line 316, in create_server_arguments
    source_paths = backend_arguments.get_source_path_for_server(
                   ^^^^^^^^^^^^^^^^^^^^^^^^^^^^^^^^^^^^^^^^^^^^^
  File "/Users/ehsaasmittal/.local/share/nvim/mason/packages/pyre/venv/lib/python3.11/site-packages/pyre_check/client/backend_arguments.py", line 398, in get_source_path_for_server
    return get_source_path(configuration, artifact_root_name, flavor, watchman_root)
           ^^^^^^^^^^^^^^^^^^^^^^^^^^^^^^^^^^^^^^^^^^^^^^^^^^^^^^^^^^^^^^^^^^^^^^^^^
  File "/Users/ehsaasmittal/.local/share/nvim/mason/packages/pyre/venv/lib/python3.11/site-packages/pyre_check/client/backend_arguments.py", line 379, in get_source_path
    raise configuration_module.InvalidConfiguration(
pyre_check.client.configuration.exceptions.InvalidConfiguration: Invalid configuration: Cannot find any source files to analyze. Either `source_directories` or `targets` must be specified.
2025-11-29 04:51:23,462 [PID 51828] DEBUG Using selector: KqueueSelector
2025-11-29 04:51:23,463 [PID 51828] INFO Reading Pyre server configurations...
2025-11-29 04:51:23,465 [PID 51828] ERROR Uncaught error in persistent.run
Traceback (most recent call last):
  File "/Users/ehsaasmittal/.local/share/nvim/mason/packages/pyre/venv/lib/python3.11/site-packages/pyre_check/client/commands/persistent.py", line 302, in run
    return asyncio.get_event_loop().run_until_complete(
           ^^^^^^^^^^^^^^^^^^^^^^^^^^^^^^^^^^^^^^^^^^^^
  File "/Library/Frameworks/Python.framework/Versions/3.11/lib/python3.11/asyncio/base_events.py", line 653, in run_until_complete
    return future.result()
           ^^^^^^^^^^^^^^^
  File "/Users/ehsaasmittal/.local/share/nvim/mason/packages/pyre/venv/lib/python3.11/site-packages/pyre_check/client/commands/persistent.py", line 225, in run_persistent
    initial_server_options = pyre_server_options.read_server_options(
                             ^^^^^^^^^^^^^^^^^^^^^^^^^^^^^^^^^^^^^^^^
  File "/Users/ehsaasmittal/.local/share/nvim/mason/packages/pyre/venv/lib/python3.11/site-packages/pyre_check/client/commands/pyre_server_options.py", line 130, in read_server_options
    return server_options_reader()
           ^^^^^^^^^^^^^^^^^^^^^^^
  File "/Users/ehsaasmittal/.local/share/nvim/mason/packages/pyre/venv/lib/python3.11/site-packages/pyre_check/client/commands/pyre_server_options.py", line 115, in read
    return PyreServerOptions.create(
           ^^^^^^^^^^^^^^^^^^^^^^^^^
  File "/Users/ehsaasmittal/.local/share/nvim/mason/packages/pyre/venv/lib/python3.11/site-packages/pyre_check/client/commands/pyre_server_options.py", line 95, in create
    start_arguments = start.create_server_arguments(
                      ^^^^^^^^^^^^^^^^^^^^^^^^^^^^^^
  File "/Users/ehsaasmittal/.local/share/nvim/mason/packages/pyre/venv/lib/python3.11/site-packages/pyre_check/client/commands/start.py", line 316, in create_server_arguments
    source_paths = backend_arguments.get_source_path_for_server(
                   ^^^^^^^^^^^^^^^^^^^^^^^^^^^^^^^^^^^^^^^^^^^^^
  File "/Users/ehsaasmittal/.local/share/nvim/mason/packages/pyre/venv/lib/python3.11/site-packages/pyre_check/client/backend_arguments.py", line 398, in get_source_path_for_server
    return get_source_path(configuration, artifact_root_name, flavor, watchman_root)
           ^^^^^^^^^^^^^^^^^^^^^^^^^^^^^^^^^^^^^^^^^^^^^^^^^^^^^^^^^^^^^^^^^^^^^^^^^
  File "/Users/ehsaasmittal/.local/share/nvim/mason/packages/pyre/venv/lib/python3.11/site-packages/pyre_check/client/backend_arguments.py", line 379, in get_source_path
    raise configuration_module.InvalidConfiguration(
pyre_check.client.configuration.exceptions.InvalidConfiguration: Invalid configuration: Cannot find any source files to analyze. Either `source_directories` or `targets` must be specified.
2025-11-29 04:53:07,211 [PID 52016] DEBUG Using selector: KqueueSelector
2025-11-29 04:53:07,212 [PID 52016] INFO Reading Pyre server configurations...
2025-11-29 04:53:07,215 [PID 52016] ERROR Uncaught error in persistent.run
Traceback (most recent call last):
  File "/Users/ehsaasmittal/.local/share/nvim/mason/packages/pyre/venv/lib/python3.11/site-packages/pyre_check/client/commands/persistent.py", line 302, in run
    return asyncio.get_event_loop().run_until_complete(
           ^^^^^^^^^^^^^^^^^^^^^^^^^^^^^^^^^^^^^^^^^^^^
  File "/Library/Frameworks/Python.framework/Versions/3.11/lib/python3.11/asyncio/base_events.py", line 653, in run_until_complete
    return future.result()
           ^^^^^^^^^^^^^^^
  File "/Users/ehsaasmittal/.local/share/nvim/mason/packages/pyre/venv/lib/python3.11/site-packages/pyre_check/client/commands/persistent.py", line 225, in run_persistent
    initial_server_options = pyre_server_options.read_server_options(
                             ^^^^^^^^^^^^^^^^^^^^^^^^^^^^^^^^^^^^^^^^
  File "/Users/ehsaasmittal/.local/share/nvim/mason/packages/pyre/venv/lib/python3.11/site-packages/pyre_check/client/commands/pyre_server_options.py", line 130, in read_server_options
    return server_options_reader()
           ^^^^^^^^^^^^^^^^^^^^^^^
  File "/Users/ehsaasmittal/.local/share/nvim/mason/packages/pyre/venv/lib/python3.11/site-packages/pyre_check/client/commands/pyre_server_options.py", line 115, in read
    return PyreServerOptions.create(
           ^^^^^^^^^^^^^^^^^^^^^^^^^
  File "/Users/ehsaasmittal/.local/share/nvim/mason/packages/pyre/venv/lib/python3.11/site-packages/pyre_check/client/commands/pyre_server_options.py", line 95, in create
    start_arguments = start.create_server_arguments(
                      ^^^^^^^^^^^^^^^^^^^^^^^^^^^^^^
  File "/Users/ehsaasmittal/.local/share/nvim/mason/packages/pyre/venv/lib/python3.11/site-packages/pyre_check/client/commands/start.py", line 316, in create_server_arguments
    source_paths = backend_arguments.get_source_path_for_server(
                   ^^^^^^^^^^^^^^^^^^^^^^^^^^^^^^^^^^^^^^^^^^^^^
  File "/Users/ehsaasmittal/.local/share/nvim/mason/packages/pyre/venv/lib/python3.11/site-packages/pyre_check/client/backend_arguments.py", line 398, in get_source_path_for_server
    return get_source_path(configuration, artifact_root_name, flavor, watchman_root)
           ^^^^^^^^^^^^^^^^^^^^^^^^^^^^^^^^^^^^^^^^^^^^^^^^^^^^^^^^^^^^^^^^^^^^^^^^^
  File "/Users/ehsaasmittal/.local/share/nvim/mason/packages/pyre/venv/lib/python3.11/site-packages/pyre_check/client/backend_arguments.py", line 379, in get_source_path
    raise configuration_module.InvalidConfiguration(
pyre_check.client.configuration.exceptions.InvalidConfiguration: Invalid configuration: Cannot find any source files to analyze. Either `source_directories` or `targets` must be specified.
2025-11-29 05:03:46,219 [PID 52406] DEBUG Using selector: KqueueSelector
2025-11-29 05:03:46,219 [PID 52406] INFO Reading Pyre server configurations...
2025-11-29 05:03:46,223 [PID 52406] ERROR Uncaught error in persistent.run
Traceback (most recent call last):
  File "/Users/ehsaasmittal/.local/share/nvim/mason/packages/pyre/venv/lib/python3.11/site-packages/pyre_check/client/commands/persistent.py", line 302, in run
    return asyncio.get_event_loop().run_until_complete(
           ^^^^^^^^^^^^^^^^^^^^^^^^^^^^^^^^^^^^^^^^^^^^
  File "/Library/Frameworks/Python.framework/Versions/3.11/lib/python3.11/asyncio/base_events.py", line 653, in run_until_complete
    return future.result()
           ^^^^^^^^^^^^^^^
  File "/Users/ehsaasmittal/.local/share/nvim/mason/packages/pyre/venv/lib/python3.11/site-packages/pyre_check/client/commands/persistent.py", line 225, in run_persistent
    initial_server_options = pyre_server_options.read_server_options(
                             ^^^^^^^^^^^^^^^^^^^^^^^^^^^^^^^^^^^^^^^^
  File "/Users/ehsaasmittal/.local/share/nvim/mason/packages/pyre/venv/lib/python3.11/site-packages/pyre_check/client/commands/pyre_server_options.py", line 130, in read_server_options
    return server_options_reader()
           ^^^^^^^^^^^^^^^^^^^^^^^
  File "/Users/ehsaasmittal/.local/share/nvim/mason/packages/pyre/venv/lib/python3.11/site-packages/pyre_check/client/commands/pyre_server_options.py", line 115, in read
    return PyreServerOptions.create(
           ^^^^^^^^^^^^^^^^^^^^^^^^^
  File "/Users/ehsaasmittal/.local/share/nvim/mason/packages/pyre/venv/lib/python3.11/site-packages/pyre_check/client/commands/pyre_server_options.py", line 95, in create
    start_arguments = start.create_server_arguments(
                      ^^^^^^^^^^^^^^^^^^^^^^^^^^^^^^
  File "/Users/ehsaasmittal/.local/share/nvim/mason/packages/pyre/venv/lib/python3.11/site-packages/pyre_check/client/commands/start.py", line 316, in create_server_arguments
    source_paths = backend_arguments.get_source_path_for_server(
                   ^^^^^^^^^^^^^^^^^^^^^^^^^^^^^^^^^^^^^^^^^^^^^
  File "/Users/ehsaasmittal/.local/share/nvim/mason/packages/pyre/venv/lib/python3.11/site-packages/pyre_check/client/backend_arguments.py", line 398, in get_source_path_for_server
    return get_source_path(configuration, artifact_root_name, flavor, watchman_root)
           ^^^^^^^^^^^^^^^^^^^^^^^^^^^^^^^^^^^^^^^^^^^^^^^^^^^^^^^^^^^^^^^^^^^^^^^^^
  File "/Users/ehsaasmittal/.local/share/nvim/mason/packages/pyre/venv/lib/python3.11/site-packages/pyre_check/client/backend_arguments.py", line 379, in get_source_path
    raise configuration_module.InvalidConfiguration(
pyre_check.client.configuration.exceptions.InvalidConfiguration: Invalid configuration: Cannot find any source files to analyze. Either `source_directories` or `targets` must be specified.
2025-11-29 05:04:06,769 [PID 52519] DEBUG Using selector: KqueueSelector
2025-11-29 05:04:06,770 [PID 52519] INFO Reading Pyre server configurations...
2025-11-29 05:04:06,773 [PID 52519] ERROR Uncaught error in persistent.run
Traceback (most recent call last):
  File "/Users/ehsaasmittal/.local/share/nvim/mason/packages/pyre/venv/lib/python3.11/site-packages/pyre_check/client/commands/persistent.py", line 302, in run
    return asyncio.get_event_loop().run_until_complete(
           ^^^^^^^^^^^^^^^^^^^^^^^^^^^^^^^^^^^^^^^^^^^^
  File "/Library/Frameworks/Python.framework/Versions/3.11/lib/python3.11/asyncio/base_events.py", line 653, in run_until_complete
    return future.result()
           ^^^^^^^^^^^^^^^
  File "/Users/ehsaasmittal/.local/share/nvim/mason/packages/pyre/venv/lib/python3.11/site-packages/pyre_check/client/commands/persistent.py", line 225, in run_persistent
    initial_server_options = pyre_server_options.read_server_options(
                             ^^^^^^^^^^^^^^^^^^^^^^^^^^^^^^^^^^^^^^^^
  File "/Users/ehsaasmittal/.local/share/nvim/mason/packages/pyre/venv/lib/python3.11/site-packages/pyre_check/client/commands/pyre_server_options.py", line 130, in read_server_options
    return server_options_reader()
           ^^^^^^^^^^^^^^^^^^^^^^^
  File "/Users/ehsaasmittal/.local/share/nvim/mason/packages/pyre/venv/lib/python3.11/site-packages/pyre_check/client/commands/pyre_server_options.py", line 115, in read
    return PyreServerOptions.create(
           ^^^^^^^^^^^^^^^^^^^^^^^^^
  File "/Users/ehsaasmittal/.local/share/nvim/mason/packages/pyre/venv/lib/python3.11/site-packages/pyre_check/client/commands/pyre_server_options.py", line 95, in create
    start_arguments = start.create_server_arguments(
                      ^^^^^^^^^^^^^^^^^^^^^^^^^^^^^^
  File "/Users/ehsaasmittal/.local/share/nvim/mason/packages/pyre/venv/lib/python3.11/site-packages/pyre_check/client/commands/start.py", line 316, in create_server_arguments
    source_paths = backend_arguments.get_source_path_for_server(
                   ^^^^^^^^^^^^^^^^^^^^^^^^^^^^^^^^^^^^^^^^^^^^^
  File "/Users/ehsaasmittal/.local/share/nvim/mason/packages/pyre/venv/lib/python3.11/site-packages/pyre_check/client/backend_arguments.py", line 398, in get_source_path_for_server
    return get_source_path(configuration, artifact_root_name, flavor, watchman_root)
           ^^^^^^^^^^^^^^^^^^^^^^^^^^^^^^^^^^^^^^^^^^^^^^^^^^^^^^^^^^^^^^^^^^^^^^^^^
  File "/Users/ehsaasmittal/.local/share/nvim/mason/packages/pyre/venv/lib/python3.11/site-packages/pyre_check/client/backend_arguments.py", line 379, in get_source_path
    raise configuration_module.InvalidConfiguration(
pyre_check.client.configuration.exceptions.InvalidConfiguration: Invalid configuration: Cannot find any source files to analyze. Either `source_directories` or `targets` must be specified.
2025-11-29 05:20:14,141 [PID 54740] DEBUG Using selector: KqueueSelector
2025-11-29 05:20:14,143 [PID 54740] INFO Reading Pyre server configurations...
2025-11-29 05:20:14,146 [PID 54740] ERROR Uncaught error in persistent.run
Traceback (most recent call last):
  File "/Users/ehsaasmittal/.local/share/nvim/mason/packages/pyre/venv/lib/python3.11/site-packages/pyre_check/client/commands/persistent.py", line 302, in run
    return asyncio.get_event_loop().run_until_complete(
           ^^^^^^^^^^^^^^^^^^^^^^^^^^^^^^^^^^^^^^^^^^^^
  File "/Library/Frameworks/Python.framework/Versions/3.11/lib/python3.11/asyncio/base_events.py", line 653, in run_until_complete
    return future.result()
           ^^^^^^^^^^^^^^^
  File "/Users/ehsaasmittal/.local/share/nvim/mason/packages/pyre/venv/lib/python3.11/site-packages/pyre_check/client/commands/persistent.py", line 225, in run_persistent
    initial_server_options = pyre_server_options.read_server_options(
                             ^^^^^^^^^^^^^^^^^^^^^^^^^^^^^^^^^^^^^^^^
  File "/Users/ehsaasmittal/.local/share/nvim/mason/packages/pyre/venv/lib/python3.11/site-packages/pyre_check/client/commands/pyre_server_options.py", line 130, in read_server_options
    return server_options_reader()
           ^^^^^^^^^^^^^^^^^^^^^^^
  File "/Users/ehsaasmittal/.local/share/nvim/mason/packages/pyre/venv/lib/python3.11/site-packages/pyre_check/client/commands/pyre_server_options.py", line 115, in read
    return PyreServerOptions.create(
           ^^^^^^^^^^^^^^^^^^^^^^^^^
  File "/Users/ehsaasmittal/.local/share/nvim/mason/packages/pyre/venv/lib/python3.11/site-packages/pyre_check/client/commands/pyre_server_options.py", line 95, in create
    start_arguments = start.create_server_arguments(
                      ^^^^^^^^^^^^^^^^^^^^^^^^^^^^^^
  File "/Users/ehsaasmittal/.local/share/nvim/mason/packages/pyre/venv/lib/python3.11/site-packages/pyre_check/client/commands/start.py", line 316, in create_server_arguments
    source_paths = backend_arguments.get_source_path_for_server(
                   ^^^^^^^^^^^^^^^^^^^^^^^^^^^^^^^^^^^^^^^^^^^^^
  File "/Users/ehsaasmittal/.local/share/nvim/mason/packages/pyre/venv/lib/python3.11/site-packages/pyre_check/client/backend_arguments.py", line 398, in get_source_path_for_server
    return get_source_path(configuration, artifact_root_name, flavor, watchman_root)
           ^^^^^^^^^^^^^^^^^^^^^^^^^^^^^^^^^^^^^^^^^^^^^^^^^^^^^^^^^^^^^^^^^^^^^^^^^
  File "/Users/ehsaasmittal/.local/share/nvim/mason/packages/pyre/venv/lib/python3.11/site-packages/pyre_check/client/backend_arguments.py", line 379, in get_source_path
    raise configuration_module.InvalidConfiguration(
pyre_check.client.configuration.exceptions.InvalidConfiguration: Invalid configuration: Cannot find any source files to analyze. Either `source_directories` or `targets` must be specified.
2025-11-29 05:21:41,496 [PID 55298] DEBUG Using selector: KqueueSelector
2025-11-29 05:21:41,497 [PID 55298] INFO Reading Pyre server configurations...
2025-11-29 05:21:41,500 [PID 55298] ERROR Uncaught error in persistent.run
Traceback (most recent call last):
  File "/Users/ehsaasmittal/.local/share/nvim/mason/packages/pyre/venv/lib/python3.11/site-packages/pyre_check/client/commands/persistent.py", line 302, in run
    return asyncio.get_event_loop().run_until_complete(
           ^^^^^^^^^^^^^^^^^^^^^^^^^^^^^^^^^^^^^^^^^^^^
  File "/Library/Frameworks/Python.framework/Versions/3.11/lib/python3.11/asyncio/base_events.py", line 653, in run_until_complete
    return future.result()
           ^^^^^^^^^^^^^^^
  File "/Users/ehsaasmittal/.local/share/nvim/mason/packages/pyre/venv/lib/python3.11/site-packages/pyre_check/client/commands/persistent.py", line 225, in run_persistent
    initial_server_options = pyre_server_options.read_server_options(
                             ^^^^^^^^^^^^^^^^^^^^^^^^^^^^^^^^^^^^^^^^
  File "/Users/ehsaasmittal/.local/share/nvim/mason/packages/pyre/venv/lib/python3.11/site-packages/pyre_check/client/commands/pyre_server_options.py", line 130, in read_server_options
    return server_options_reader()
           ^^^^^^^^^^^^^^^^^^^^^^^
  File "/Users/ehsaasmittal/.local/share/nvim/mason/packages/pyre/venv/lib/python3.11/site-packages/pyre_check/client/commands/pyre_server_options.py", line 115, in read
    return PyreServerOptions.create(
           ^^^^^^^^^^^^^^^^^^^^^^^^^
  File "/Users/ehsaasmittal/.local/share/nvim/mason/packages/pyre/venv/lib/python3.11/site-packages/pyre_check/client/commands/pyre_server_options.py", line 95, in create
    start_arguments = start.create_server_arguments(
                      ^^^^^^^^^^^^^^^^^^^^^^^^^^^^^^
  File "/Users/ehsaasmittal/.local/share/nvim/mason/packages/pyre/venv/lib/python3.11/site-packages/pyre_check/client/commands/start.py", line 316, in create_server_arguments
    source_paths = backend_arguments.get_source_path_for_server(
                   ^^^^^^^^^^^^^^^^^^^^^^^^^^^^^^^^^^^^^^^^^^^^^
  File "/Users/ehsaasmittal/.local/share/nvim/mason/packages/pyre/venv/lib/python3.11/site-packages/pyre_check/client/backend_arguments.py", line 398, in get_source_path_for_server
    return get_source_path(configuration, artifact_root_name, flavor, watchman_root)
           ^^^^^^^^^^^^^^^^^^^^^^^^^^^^^^^^^^^^^^^^^^^^^^^^^^^^^^^^^^^^^^^^^^^^^^^^^
  File "/Users/ehsaasmittal/.local/share/nvim/mason/packages/pyre/venv/lib/python3.11/site-packages/pyre_check/client/backend_arguments.py", line 379, in get_source_path
    raise configuration_module.InvalidConfiguration(
pyre_check.client.configuration.exceptions.InvalidConfiguration: Invalid configuration: Cannot find any source files to analyze. Either `source_directories` or `targets` must be specified.
2025-11-29 05:22:02,685 [PID 55418] DEBUG Using selector: KqueueSelector
2025-11-29 05:22:02,686 [PID 55418] INFO Reading Pyre server configurations...
2025-11-29 05:22:02,688 [PID 55418] ERROR Uncaught error in persistent.run
Traceback (most recent call last):
  File "/Users/ehsaasmittal/.local/share/nvim/mason/packages/pyre/venv/lib/python3.11/site-packages/pyre_check/client/commands/persistent.py", line 302, in run
    return asyncio.get_event_loop().run_until_complete(
           ^^^^^^^^^^^^^^^^^^^^^^^^^^^^^^^^^^^^^^^^^^^^
  File "/Library/Frameworks/Python.framework/Versions/3.11/lib/python3.11/asyncio/base_events.py", line 653, in run_until_complete
    return future.result()
           ^^^^^^^^^^^^^^^
  File "/Users/ehsaasmittal/.local/share/nvim/mason/packages/pyre/venv/lib/python3.11/site-packages/pyre_check/client/commands/persistent.py", line 225, in run_persistent
    initial_server_options = pyre_server_options.read_server_options(
                             ^^^^^^^^^^^^^^^^^^^^^^^^^^^^^^^^^^^^^^^^
  File "/Users/ehsaasmittal/.local/share/nvim/mason/packages/pyre/venv/lib/python3.11/site-packages/pyre_check/client/commands/pyre_server_options.py", line 130, in read_server_options
    return server_options_reader()
           ^^^^^^^^^^^^^^^^^^^^^^^
  File "/Users/ehsaasmittal/.local/share/nvim/mason/packages/pyre/venv/lib/python3.11/site-packages/pyre_check/client/commands/pyre_server_options.py", line 115, in read
    return PyreServerOptions.create(
           ^^^^^^^^^^^^^^^^^^^^^^^^^
  File "/Users/ehsaasmittal/.local/share/nvim/mason/packages/pyre/venv/lib/python3.11/site-packages/pyre_check/client/commands/pyre_server_options.py", line 95, in create
    start_arguments = start.create_server_arguments(
                      ^^^^^^^^^^^^^^^^^^^^^^^^^^^^^^
  File "/Users/ehsaasmittal/.local/share/nvim/mason/packages/pyre/venv/lib/python3.11/site-packages/pyre_check/client/commands/start.py", line 316, in create_server_arguments
    source_paths = backend_arguments.get_source_path_for_server(
                   ^^^^^^^^^^^^^^^^^^^^^^^^^^^^^^^^^^^^^^^^^^^^^
  File "/Users/ehsaasmittal/.local/share/nvim/mason/packages/pyre/venv/lib/python3.11/site-packages/pyre_check/client/backend_arguments.py", line 398, in get_source_path_for_server
    return get_source_path(configuration, artifact_root_name, flavor, watchman_root)
           ^^^^^^^^^^^^^^^^^^^^^^^^^^^^^^^^^^^^^^^^^^^^^^^^^^^^^^^^^^^^^^^^^^^^^^^^^
  File "/Users/ehsaasmittal/.local/share/nvim/mason/packages/pyre/venv/lib/python3.11/site-packages/pyre_check/client/backend_arguments.py", line 379, in get_source_path
    raise configuration_module.InvalidConfiguration(
pyre_check.client.configuration.exceptions.InvalidConfiguration: Invalid configuration: Cannot find any source files to analyze. Either `source_directories` or `targets` must be specified.
2025-11-29 16:31:45,074 [PID 59201] DEBUG Using selector: KqueueSelector
2025-11-29 16:31:45,075 [PID 59201] INFO Reading Pyre server configurations...
2025-11-29 16:31:45,078 [PID 59201] ERROR Uncaught error in persistent.run
Traceback (most recent call last):
  File "/Users/ehsaasmittal/.local/share/nvim/mason/packages/pyre/venv/lib/python3.11/site-packages/pyre_check/client/commands/persistent.py", line 302, in run
    return asyncio.get_event_loop().run_until_complete(
           ^^^^^^^^^^^^^^^^^^^^^^^^^^^^^^^^^^^^^^^^^^^^
  File "/Library/Frameworks/Python.framework/Versions/3.11/lib/python3.11/asyncio/base_events.py", line 653, in run_until_complete
    return future.result()
           ^^^^^^^^^^^^^^^
  File "/Users/ehsaasmittal/.local/share/nvim/mason/packages/pyre/venv/lib/python3.11/site-packages/pyre_check/client/commands/persistent.py", line 225, in run_persistent
    initial_server_options = pyre_server_options.read_server_options(
                             ^^^^^^^^^^^^^^^^^^^^^^^^^^^^^^^^^^^^^^^^
  File "/Users/ehsaasmittal/.local/share/nvim/mason/packages/pyre/venv/lib/python3.11/site-packages/pyre_check/client/commands/pyre_server_options.py", line 130, in read_server_options
    return server_options_reader()
           ^^^^^^^^^^^^^^^^^^^^^^^
  File "/Users/ehsaasmittal/.local/share/nvim/mason/packages/pyre/venv/lib/python3.11/site-packages/pyre_check/client/commands/pyre_server_options.py", line 115, in read
    return PyreServerOptions.create(
           ^^^^^^^^^^^^^^^^^^^^^^^^^
  File "/Users/ehsaasmittal/.local/share/nvim/mason/packages/pyre/venv/lib/python3.11/site-packages/pyre_check/client/commands/pyre_server_options.py", line 95, in create
    start_arguments = start.create_server_arguments(
                      ^^^^^^^^^^^^^^^^^^^^^^^^^^^^^^
  File "/Users/ehsaasmittal/.local/share/nvim/mason/packages/pyre/venv/lib/python3.11/site-packages/pyre_check/client/commands/start.py", line 316, in create_server_arguments
    source_paths = backend_arguments.get_source_path_for_server(
                   ^^^^^^^^^^^^^^^^^^^^^^^^^^^^^^^^^^^^^^^^^^^^^
  File "/Users/ehsaasmittal/.local/share/nvim/mason/packages/pyre/venv/lib/python3.11/site-packages/pyre_check/client/backend_arguments.py", line 398, in get_source_path_for_server
    return get_source_path(configuration, artifact_root_name, flavor, watchman_root)
           ^^^^^^^^^^^^^^^^^^^^^^^^^^^^^^^^^^^^^^^^^^^^^^^^^^^^^^^^^^^^^^^^^^^^^^^^^
  File "/Users/ehsaasmittal/.local/share/nvim/mason/packages/pyre/venv/lib/python3.11/site-packages/pyre_check/client/backend_arguments.py", line 379, in get_source_path
    raise configuration_module.InvalidConfiguration(
pyre_check.client.configuration.exceptions.InvalidConfiguration: Invalid configuration: Cannot find any source files to analyze. Either `source_directories` or `targets` must be specified.
2025-11-29 16:32:14,665 [PID 59447] DEBUG Using selector: KqueueSelector
2025-11-29 16:32:14,665 [PID 59447] INFO Reading Pyre server configurations...
2025-11-29 16:32:14,668 [PID 59447] ERROR Uncaught error in persistent.run
Traceback (most recent call last):
  File "/Users/ehsaasmittal/.local/share/nvim/mason/packages/pyre/venv/lib/python3.11/site-packages/pyre_check/client/commands/persistent.py", line 302, in run
    return asyncio.get_event_loop().run_until_complete(
           ^^^^^^^^^^^^^^^^^^^^^^^^^^^^^^^^^^^^^^^^^^^^
  File "/Library/Frameworks/Python.framework/Versions/3.11/lib/python3.11/asyncio/base_events.py", line 653, in run_until_complete
    return future.result()
           ^^^^^^^^^^^^^^^
  File "/Users/ehsaasmittal/.local/share/nvim/mason/packages/pyre/venv/lib/python3.11/site-packages/pyre_check/client/commands/persistent.py", line 225, in run_persistent
    initial_server_options = pyre_server_options.read_server_options(
                             ^^^^^^^^^^^^^^^^^^^^^^^^^^^^^^^^^^^^^^^^
  File "/Users/ehsaasmittal/.local/share/nvim/mason/packages/pyre/venv/lib/python3.11/site-packages/pyre_check/client/commands/pyre_server_options.py", line 130, in read_server_options
    return server_options_reader()
           ^^^^^^^^^^^^^^^^^^^^^^^
  File "/Users/ehsaasmittal/.local/share/nvim/mason/packages/pyre/venv/lib/python3.11/site-packages/pyre_check/client/commands/pyre_server_options.py", line 115, in read
    return PyreServerOptions.create(
           ^^^^^^^^^^^^^^^^^^^^^^^^^
  File "/Users/ehsaasmittal/.local/share/nvim/mason/packages/pyre/venv/lib/python3.11/site-packages/pyre_check/client/commands/pyre_server_options.py", line 95, in create
    start_arguments = start.create_server_arguments(
                      ^^^^^^^^^^^^^^^^^^^^^^^^^^^^^^
  File "/Users/ehsaasmittal/.local/share/nvim/mason/packages/pyre/venv/lib/python3.11/site-packages/pyre_check/client/commands/start.py", line 316, in create_server_arguments
    source_paths = backend_arguments.get_source_path_for_server(
                   ^^^^^^^^^^^^^^^^^^^^^^^^^^^^^^^^^^^^^^^^^^^^^
  File "/Users/ehsaasmittal/.local/share/nvim/mason/packages/pyre/venv/lib/python3.11/site-packages/pyre_check/client/backend_arguments.py", line 398, in get_source_path_for_server
    return get_source_path(configuration, artifact_root_name, flavor, watchman_root)
           ^^^^^^^^^^^^^^^^^^^^^^^^^^^^^^^^^^^^^^^^^^^^^^^^^^^^^^^^^^^^^^^^^^^^^^^^^
  File "/Users/ehsaasmittal/.local/share/nvim/mason/packages/pyre/venv/lib/python3.11/site-packages/pyre_check/client/backend_arguments.py", line 379, in get_source_path
    raise configuration_module.InvalidConfiguration(
pyre_check.client.configuration.exceptions.InvalidConfiguration: Invalid configuration: Cannot find any source files to analyze. Either `source_directories` or `targets` must be specified.
2025-11-30 16:05:51,491 [PID 65224] DEBUG Using selector: KqueueSelector
2025-11-30 16:05:51,492 [PID 65224] INFO Reading Pyre server configurations...
2025-11-30 16:05:51,496 [PID 65224] ERROR Uncaught error in persistent.run
Traceback (most recent call last):
  File "/Users/ehsaasmittal/.local/share/nvim/mason/packages/pyre/venv/lib/python3.11/site-packages/pyre_check/client/commands/persistent.py", line 302, in run
    return asyncio.get_event_loop().run_until_complete(
           ^^^^^^^^^^^^^^^^^^^^^^^^^^^^^^^^^^^^^^^^^^^^
  File "/Library/Frameworks/Python.framework/Versions/3.11/lib/python3.11/asyncio/base_events.py", line 653, in run_until_complete
    return future.result()
           ^^^^^^^^^^^^^^^
  File "/Users/ehsaasmittal/.local/share/nvim/mason/packages/pyre/venv/lib/python3.11/site-packages/pyre_check/client/commands/persistent.py", line 225, in run_persistent
    initial_server_options = pyre_server_options.read_server_options(
                             ^^^^^^^^^^^^^^^^^^^^^^^^^^^^^^^^^^^^^^^^
  File "/Users/ehsaasmittal/.local/share/nvim/mason/packages/pyre/venv/lib/python3.11/site-packages/pyre_check/client/commands/pyre_server_options.py", line 130, in read_server_options
    return server_options_reader()
           ^^^^^^^^^^^^^^^^^^^^^^^
  File "/Users/ehsaasmittal/.local/share/nvim/mason/packages/pyre/venv/lib/python3.11/site-packages/pyre_check/client/commands/pyre_server_options.py", line 115, in read
    return PyreServerOptions.create(
           ^^^^^^^^^^^^^^^^^^^^^^^^^
  File "/Users/ehsaasmittal/.local/share/nvim/mason/packages/pyre/venv/lib/python3.11/site-packages/pyre_check/client/commands/pyre_server_options.py", line 95, in create
    start_arguments = start.create_server_arguments(
                      ^^^^^^^^^^^^^^^^^^^^^^^^^^^^^^
  File "/Users/ehsaasmittal/.local/share/nvim/mason/packages/pyre/venv/lib/python3.11/site-packages/pyre_check/client/commands/start.py", line 316, in create_server_arguments
    source_paths = backend_arguments.get_source_path_for_server(
                   ^^^^^^^^^^^^^^^^^^^^^^^^^^^^^^^^^^^^^^^^^^^^^
  File "/Users/ehsaasmittal/.local/share/nvim/mason/packages/pyre/venv/lib/python3.11/site-packages/pyre_check/client/backend_arguments.py", line 398, in get_source_path_for_server
    return get_source_path(configuration, artifact_root_name, flavor, watchman_root)
           ^^^^^^^^^^^^^^^^^^^^^^^^^^^^^^^^^^^^^^^^^^^^^^^^^^^^^^^^^^^^^^^^^^^^^^^^^
  File "/Users/ehsaasmittal/.local/share/nvim/mason/packages/pyre/venv/lib/python3.11/site-packages/pyre_check/client/backend_arguments.py", line 379, in get_source_path
    raise configuration_module.InvalidConfiguration(
pyre_check.client.configuration.exceptions.InvalidConfiguration: Invalid configuration: Cannot find any source files to analyze. Either `source_directories` or `targets` must be specified.
2025-11-30 16:30:04,144 [PID 66989] DEBUG Using selector: KqueueSelector
2025-11-30 16:30:04,146 [PID 66989] INFO Reading Pyre server configurations...
2025-11-30 16:30:04,149 [PID 66989] ERROR Uncaught error in persistent.run
Traceback (most recent call last):
  File "/Users/ehsaasmittal/.local/share/nvim/mason/packages/pyre/venv/lib/python3.11/site-packages/pyre_check/client/commands/persistent.py", line 302, in run
    return asyncio.get_event_loop().run_until_complete(
           ^^^^^^^^^^^^^^^^^^^^^^^^^^^^^^^^^^^^^^^^^^^^
  File "/Library/Frameworks/Python.framework/Versions/3.11/lib/python3.11/asyncio/base_events.py", line 653, in run_until_complete
    return future.result()
           ^^^^^^^^^^^^^^^
  File "/Users/ehsaasmittal/.local/share/nvim/mason/packages/pyre/venv/lib/python3.11/site-packages/pyre_check/client/commands/persistent.py", line 225, in run_persistent
    initial_server_options = pyre_server_options.read_server_options(
                             ^^^^^^^^^^^^^^^^^^^^^^^^^^^^^^^^^^^^^^^^
  File "/Users/ehsaasmittal/.local/share/nvim/mason/packages/pyre/venv/lib/python3.11/site-packages/pyre_check/client/commands/pyre_server_options.py", line 130, in read_server_options
    return server_options_reader()
           ^^^^^^^^^^^^^^^^^^^^^^^
  File "/Users/ehsaasmittal/.local/share/nvim/mason/packages/pyre/venv/lib/python3.11/site-packages/pyre_check/client/commands/pyre_server_options.py", line 115, in read
    return PyreServerOptions.create(
           ^^^^^^^^^^^^^^^^^^^^^^^^^
  File "/Users/ehsaasmittal/.local/share/nvim/mason/packages/pyre/venv/lib/python3.11/site-packages/pyre_check/client/commands/pyre_server_options.py", line 95, in create
    start_arguments = start.create_server_arguments(
                      ^^^^^^^^^^^^^^^^^^^^^^^^^^^^^^
  File "/Users/ehsaasmittal/.local/share/nvim/mason/packages/pyre/venv/lib/python3.11/site-packages/pyre_check/client/commands/start.py", line 316, in create_server_arguments
    source_paths = backend_arguments.get_source_path_for_server(
                   ^^^^^^^^^^^^^^^^^^^^^^^^^^^^^^^^^^^^^^^^^^^^^
  File "/Users/ehsaasmittal/.local/share/nvim/mason/packages/pyre/venv/lib/python3.11/site-packages/pyre_check/client/backend_arguments.py", line 398, in get_source_path_for_server
    return get_source_path(configuration, artifact_root_name, flavor, watchman_root)
           ^^^^^^^^^^^^^^^^^^^^^^^^^^^^^^^^^^^^^^^^^^^^^^^^^^^^^^^^^^^^^^^^^^^^^^^^^
  File "/Users/ehsaasmittal/.local/share/nvim/mason/packages/pyre/venv/lib/python3.11/site-packages/pyre_check/client/backend_arguments.py", line 379, in get_source_path
    raise configuration_module.InvalidConfiguration(
pyre_check.client.configuration.exceptions.InvalidConfiguration: Invalid configuration: Cannot find any source files to analyze. Either `source_directories` or `targets` must be specified.
2025-11-30 16:51:33,612 [PID 68950] DEBUG Using selector: KqueueSelector
2025-11-30 16:51:33,613 [PID 68950] INFO Reading Pyre server configurations...
2025-11-30 16:51:33,617 [PID 68950] ERROR Uncaught error in persistent.run
Traceback (most recent call last):
  File "/Users/ehsaasmittal/.local/share/nvim/mason/packages/pyre/venv/lib/python3.11/site-packages/pyre_check/client/commands/persistent.py", line 302, in run
    return asyncio.get_event_loop().run_until_complete(
           ^^^^^^^^^^^^^^^^^^^^^^^^^^^^^^^^^^^^^^^^^^^^
  File "/Library/Frameworks/Python.framework/Versions/3.11/lib/python3.11/asyncio/base_events.py", line 653, in run_until_complete
    return future.result()
           ^^^^^^^^^^^^^^^
  File "/Users/ehsaasmittal/.local/share/nvim/mason/packages/pyre/venv/lib/python3.11/site-packages/pyre_check/client/commands/persistent.py", line 225, in run_persistent
    initial_server_options = pyre_server_options.read_server_options(
                             ^^^^^^^^^^^^^^^^^^^^^^^^^^^^^^^^^^^^^^^^
  File "/Users/ehsaasmittal/.local/share/nvim/mason/packages/pyre/venv/lib/python3.11/site-packages/pyre_check/client/commands/pyre_server_options.py", line 130, in read_server_options
    return server_options_reader()
           ^^^^^^^^^^^^^^^^^^^^^^^
  File "/Users/ehsaasmittal/.local/share/nvim/mason/packages/pyre/venv/lib/python3.11/site-packages/pyre_check/client/commands/pyre_server_options.py", line 115, in read
    return PyreServerOptions.create(
           ^^^^^^^^^^^^^^^^^^^^^^^^^
  File "/Users/ehsaasmittal/.local/share/nvim/mason/packages/pyre/venv/lib/python3.11/site-packages/pyre_check/client/commands/pyre_server_options.py", line 95, in create
    start_arguments = start.create_server_arguments(
                      ^^^^^^^^^^^^^^^^^^^^^^^^^^^^^^
  File "/Users/ehsaasmittal/.local/share/nvim/mason/packages/pyre/venv/lib/python3.11/site-packages/pyre_check/client/commands/start.py", line 316, in create_server_arguments
    source_paths = backend_arguments.get_source_path_for_server(
                   ^^^^^^^^^^^^^^^^^^^^^^^^^^^^^^^^^^^^^^^^^^^^^
  File "/Users/ehsaasmittal/.local/share/nvim/mason/packages/pyre/venv/lib/python3.11/site-packages/pyre_check/client/backend_arguments.py", line 398, in get_source_path_for_server
    return get_source_path(configuration, artifact_root_name, flavor, watchman_root)
           ^^^^^^^^^^^^^^^^^^^^^^^^^^^^^^^^^^^^^^^^^^^^^^^^^^^^^^^^^^^^^^^^^^^^^^^^^
  File "/Users/ehsaasmittal/.local/share/nvim/mason/packages/pyre/venv/lib/python3.11/site-packages/pyre_check/client/backend_arguments.py", line 379, in get_source_path
    raise configuration_module.InvalidConfiguration(
pyre_check.client.configuration.exceptions.InvalidConfiguration: Invalid configuration: Cannot find any source files to analyze. Either `source_directories` or `targets` must be specified.
2025-11-30 16:55:09,393 [PID 69152] DEBUG Using selector: KqueueSelector
2025-11-30 16:55:09,394 [PID 69152] INFO Reading Pyre server configurations...
2025-11-30 16:55:09,398 [PID 69152] ERROR Uncaught error in persistent.run
Traceback (most recent call last):
  File "/Users/ehsaasmittal/.local/share/nvim/mason/packages/pyre/venv/lib/python3.11/site-packages/pyre_check/client/commands/persistent.py", line 302, in run
    return asyncio.get_event_loop().run_until_complete(
           ^^^^^^^^^^^^^^^^^^^^^^^^^^^^^^^^^^^^^^^^^^^^
  File "/Library/Frameworks/Python.framework/Versions/3.11/lib/python3.11/asyncio/base_events.py", line 653, in run_until_complete
    return future.result()
           ^^^^^^^^^^^^^^^
  File "/Users/ehsaasmittal/.local/share/nvim/mason/packages/pyre/venv/lib/python3.11/site-packages/pyre_check/client/commands/persistent.py", line 225, in run_persistent
    initial_server_options = pyre_server_options.read_server_options(
                             ^^^^^^^^^^^^^^^^^^^^^^^^^^^^^^^^^^^^^^^^
  File "/Users/ehsaasmittal/.local/share/nvim/mason/packages/pyre/venv/lib/python3.11/site-packages/pyre_check/client/commands/pyre_server_options.py", line 130, in read_server_options
    return server_options_reader()
           ^^^^^^^^^^^^^^^^^^^^^^^
  File "/Users/ehsaasmittal/.local/share/nvim/mason/packages/pyre/venv/lib/python3.11/site-packages/pyre_check/client/commands/pyre_server_options.py", line 115, in read
    return PyreServerOptions.create(
           ^^^^^^^^^^^^^^^^^^^^^^^^^
  File "/Users/ehsaasmittal/.local/share/nvim/mason/packages/pyre/venv/lib/python3.11/site-packages/pyre_check/client/commands/pyre_server_options.py", line 95, in create
    start_arguments = start.create_server_arguments(
                      ^^^^^^^^^^^^^^^^^^^^^^^^^^^^^^
  File "/Users/ehsaasmittal/.local/share/nvim/mason/packages/pyre/venv/lib/python3.11/site-packages/pyre_check/client/commands/start.py", line 316, in create_server_arguments
    source_paths = backend_arguments.get_source_path_for_server(
                   ^^^^^^^^^^^^^^^^^^^^^^^^^^^^^^^^^^^^^^^^^^^^^
  File "/Users/ehsaasmittal/.local/share/nvim/mason/packages/pyre/venv/lib/python3.11/site-packages/pyre_check/client/backend_arguments.py", line 398, in get_source_path_for_server
    return get_source_path(configuration, artifact_root_name, flavor, watchman_root)
           ^^^^^^^^^^^^^^^^^^^^^^^^^^^^^^^^^^^^^^^^^^^^^^^^^^^^^^^^^^^^^^^^^^^^^^^^^
  File "/Users/ehsaasmittal/.local/share/nvim/mason/packages/pyre/venv/lib/python3.11/site-packages/pyre_check/client/backend_arguments.py", line 379, in get_source_path
    raise configuration_module.InvalidConfiguration(
pyre_check.client.configuration.exceptions.InvalidConfiguration: Invalid configuration: Cannot find any source files to analyze. Either `source_directories` or `targets` must be specified.
2025-11-30 17:42:55,353 [PID 71227] DEBUG Using selector: KqueueSelector
2025-11-30 17:42:55,354 [PID 71227] INFO Reading Pyre server configurations...
2025-11-30 17:42:55,359 [PID 71227] ERROR Uncaught error in persistent.run
Traceback (most recent call last):
  File "/Users/ehsaasmittal/.local/share/nvim/mason/packages/pyre/venv/lib/python3.11/site-packages/pyre_check/client/commands/persistent.py", line 302, in run
    return asyncio.get_event_loop().run_until_complete(
           ^^^^^^^^^^^^^^^^^^^^^^^^^^^^^^^^^^^^^^^^^^^^
  File "/Library/Frameworks/Python.framework/Versions/3.11/lib/python3.11/asyncio/base_events.py", line 653, in run_until_complete
    return future.result()
           ^^^^^^^^^^^^^^^
  File "/Users/ehsaasmittal/.local/share/nvim/mason/packages/pyre/venv/lib/python3.11/site-packages/pyre_check/client/commands/persistent.py", line 225, in run_persistent
    initial_server_options = pyre_server_options.read_server_options(
                             ^^^^^^^^^^^^^^^^^^^^^^^^^^^^^^^^^^^^^^^^
  File "/Users/ehsaasmittal/.local/share/nvim/mason/packages/pyre/venv/lib/python3.11/site-packages/pyre_check/client/commands/pyre_server_options.py", line 130, in read_server_options
    return server_options_reader()
           ^^^^^^^^^^^^^^^^^^^^^^^
  File "/Users/ehsaasmittal/.local/share/nvim/mason/packages/pyre/venv/lib/python3.11/site-packages/pyre_check/client/commands/pyre_server_options.py", line 115, in read
    return PyreServerOptions.create(
           ^^^^^^^^^^^^^^^^^^^^^^^^^
  File "/Users/ehsaasmittal/.local/share/nvim/mason/packages/pyre/venv/lib/python3.11/site-packages/pyre_check/client/commands/pyre_server_options.py", line 95, in create
    start_arguments = start.create_server_arguments(
                      ^^^^^^^^^^^^^^^^^^^^^^^^^^^^^^
  File "/Users/ehsaasmittal/.local/share/nvim/mason/packages/pyre/venv/lib/python3.11/site-packages/pyre_check/client/commands/start.py", line 316, in create_server_arguments
    source_paths = backend_arguments.get_source_path_for_server(
                   ^^^^^^^^^^^^^^^^^^^^^^^^^^^^^^^^^^^^^^^^^^^^^
  File "/Users/ehsaasmittal/.local/share/nvim/mason/packages/pyre/venv/lib/python3.11/site-packages/pyre_check/client/backend_arguments.py", line 398, in get_source_path_for_server
    return get_source_path(configuration, artifact_root_name, flavor, watchman_root)
           ^^^^^^^^^^^^^^^^^^^^^^^^^^^^^^^^^^^^^^^^^^^^^^^^^^^^^^^^^^^^^^^^^^^^^^^^^
  File "/Users/ehsaasmittal/.local/share/nvim/mason/packages/pyre/venv/lib/python3.11/site-packages/pyre_check/client/backend_arguments.py", line 379, in get_source_path
    raise configuration_module.InvalidConfiguration(
pyre_check.client.configuration.exceptions.InvalidConfiguration: Invalid configuration: Cannot find any source files to analyze. Either `source_directories` or `targets` must be specified.
2025-12-01 22:53:57,618 [PID 84640] DEBUG Using selector: KqueueSelector
2025-12-01 22:53:57,620 [PID 84640] INFO Reading Pyre server configurations...
2025-12-01 22:53:57,623 [PID 84640] ERROR Uncaught error in persistent.run
Traceback (most recent call last):
  File "/Users/ehsaasmittal/.local/share/nvim/mason/packages/pyre/venv/lib/python3.11/site-packages/pyre_check/client/commands/persistent.py", line 302, in run
    return asyncio.get_event_loop().run_until_complete(
           ^^^^^^^^^^^^^^^^^^^^^^^^^^^^^^^^^^^^^^^^^^^^
  File "/Library/Frameworks/Python.framework/Versions/3.11/lib/python3.11/asyncio/base_events.py", line 653, in run_until_complete
    return future.result()
           ^^^^^^^^^^^^^^^
  File "/Users/ehsaasmittal/.local/share/nvim/mason/packages/pyre/venv/lib/python3.11/site-packages/pyre_check/client/commands/persistent.py", line 225, in run_persistent
    initial_server_options = pyre_server_options.read_server_options(
                             ^^^^^^^^^^^^^^^^^^^^^^^^^^^^^^^^^^^^^^^^
  File "/Users/ehsaasmittal/.local/share/nvim/mason/packages/pyre/venv/lib/python3.11/site-packages/pyre_check/client/commands/pyre_server_options.py", line 130, in read_server_options
    return server_options_reader()
           ^^^^^^^^^^^^^^^^^^^^^^^
  File "/Users/ehsaasmittal/.local/share/nvim/mason/packages/pyre/venv/lib/python3.11/site-packages/pyre_check/client/commands/pyre_server_options.py", line 115, in read
    return PyreServerOptions.create(
           ^^^^^^^^^^^^^^^^^^^^^^^^^
  File "/Users/ehsaasmittal/.local/share/nvim/mason/packages/pyre/venv/lib/python3.11/site-packages/pyre_check/client/commands/pyre_server_options.py", line 95, in create
    start_arguments = start.create_server_arguments(
                      ^^^^^^^^^^^^^^^^^^^^^^^^^^^^^^
  File "/Users/ehsaasmittal/.local/share/nvim/mason/packages/pyre/venv/lib/python3.11/site-packages/pyre_check/client/commands/start.py", line 316, in create_server_arguments
    source_paths = backend_arguments.get_source_path_for_server(
                   ^^^^^^^^^^^^^^^^^^^^^^^^^^^^^^^^^^^^^^^^^^^^^
  File "/Users/ehsaasmittal/.local/share/nvim/mason/packages/pyre/venv/lib/python3.11/site-packages/pyre_check/client/backend_arguments.py", line 398, in get_source_path_for_server
    return get_source_path(configuration, artifact_root_name, flavor, watchman_root)
           ^^^^^^^^^^^^^^^^^^^^^^^^^^^^^^^^^^^^^^^^^^^^^^^^^^^^^^^^^^^^^^^^^^^^^^^^^
  File "/Users/ehsaasmittal/.local/share/nvim/mason/packages/pyre/venv/lib/python3.11/site-packages/pyre_check/client/backend_arguments.py", line 379, in get_source_path
    raise configuration_module.InvalidConfiguration(
pyre_check.client.configuration.exceptions.InvalidConfiguration: Invalid configuration: Cannot find any source files to analyze. Either `source_directories` or `targets` must be specified.
2025-12-01 22:56:05,860 [PID 84872] DEBUG Using selector: KqueueSelector
2025-12-01 22:56:05,863 [PID 84872] INFO Reading Pyre server configurations...
2025-12-01 22:56:05,866 [PID 84872] ERROR Uncaught error in persistent.run
Traceback (most recent call last):
  File "/Users/ehsaasmittal/.local/share/nvim/mason/packages/pyre/venv/lib/python3.11/site-packages/pyre_check/client/commands/persistent.py", line 302, in run
    return asyncio.get_event_loop().run_until_complete(
           ^^^^^^^^^^^^^^^^^^^^^^^^^^^^^^^^^^^^^^^^^^^^
  File "/Library/Frameworks/Python.framework/Versions/3.11/lib/python3.11/asyncio/base_events.py", line 653, in run_until_complete
    return future.result()
           ^^^^^^^^^^^^^^^
  File "/Users/ehsaasmittal/.local/share/nvim/mason/packages/pyre/venv/lib/python3.11/site-packages/pyre_check/client/commands/persistent.py", line 225, in run_persistent
    initial_server_options = pyre_server_options.read_server_options(
                             ^^^^^^^^^^^^^^^^^^^^^^^^^^^^^^^^^^^^^^^^
  File "/Users/ehsaasmittal/.local/share/nvim/mason/packages/pyre/venv/lib/python3.11/site-packages/pyre_check/client/commands/pyre_server_options.py", line 130, in read_server_options
    return server_options_reader()
           ^^^^^^^^^^^^^^^^^^^^^^^
  File "/Users/ehsaasmittal/.local/share/nvim/mason/packages/pyre/venv/lib/python3.11/site-packages/pyre_check/client/commands/pyre_server_options.py", line 115, in read
    return PyreServerOptions.create(
           ^^^^^^^^^^^^^^^^^^^^^^^^^
  File "/Users/ehsaasmittal/.local/share/nvim/mason/packages/pyre/venv/lib/python3.11/site-packages/pyre_check/client/commands/pyre_server_options.py", line 95, in create
    start_arguments = start.create_server_arguments(
                      ^^^^^^^^^^^^^^^^^^^^^^^^^^^^^^
  File "/Users/ehsaasmittal/.local/share/nvim/mason/packages/pyre/venv/lib/python3.11/site-packages/pyre_check/client/commands/start.py", line 316, in create_server_arguments
    source_paths = backend_arguments.get_source_path_for_server(
                   ^^^^^^^^^^^^^^^^^^^^^^^^^^^^^^^^^^^^^^^^^^^^^
  File "/Users/ehsaasmittal/.local/share/nvim/mason/packages/pyre/venv/lib/python3.11/site-packages/pyre_check/client/backend_arguments.py", line 398, in get_source_path_for_server
    return get_source_path(configuration, artifact_root_name, flavor, watchman_root)
           ^^^^^^^^^^^^^^^^^^^^^^^^^^^^^^^^^^^^^^^^^^^^^^^^^^^^^^^^^^^^^^^^^^^^^^^^^
  File "/Users/ehsaasmittal/.local/share/nvim/mason/packages/pyre/venv/lib/python3.11/site-packages/pyre_check/client/backend_arguments.py", line 379, in get_source_path
    raise configuration_module.InvalidConfiguration(
pyre_check.client.configuration.exceptions.InvalidConfiguration: Invalid configuration: Cannot find any source files to analyze. Either `source_directories` or `targets` must be specified.
2025-12-01 23:06:52,365 [PID 85511] DEBUG Using selector: KqueueSelector
2025-12-01 23:06:52,367 [PID 85511] INFO Reading Pyre server configurations...
2025-12-01 23:06:52,372 [PID 85511] ERROR Uncaught error in persistent.run
Traceback (most recent call last):
  File "/Users/ehsaasmittal/.local/share/nvim/mason/packages/pyre/venv/lib/python3.11/site-packages/pyre_check/client/commands/persistent.py", line 302, in run
    return asyncio.get_event_loop().run_until_complete(
           ^^^^^^^^^^^^^^^^^^^^^^^^^^^^^^^^^^^^^^^^^^^^
  File "/Library/Frameworks/Python.framework/Versions/3.11/lib/python3.11/asyncio/base_events.py", line 653, in run_until_complete
    return future.result()
           ^^^^^^^^^^^^^^^
  File "/Users/ehsaasmittal/.local/share/nvim/mason/packages/pyre/venv/lib/python3.11/site-packages/pyre_check/client/commands/persistent.py", line 225, in run_persistent
    initial_server_options = pyre_server_options.read_server_options(
                             ^^^^^^^^^^^^^^^^^^^^^^^^^^^^^^^^^^^^^^^^
  File "/Users/ehsaasmittal/.local/share/nvim/mason/packages/pyre/venv/lib/python3.11/site-packages/pyre_check/client/commands/pyre_server_options.py", line 130, in read_server_options
    return server_options_reader()
           ^^^^^^^^^^^^^^^^^^^^^^^
  File "/Users/ehsaasmittal/.local/share/nvim/mason/packages/pyre/venv/lib/python3.11/site-packages/pyre_check/client/commands/pyre_server_options.py", line 115, in read
    return PyreServerOptions.create(
           ^^^^^^^^^^^^^^^^^^^^^^^^^
  File "/Users/ehsaasmittal/.local/share/nvim/mason/packages/pyre/venv/lib/python3.11/site-packages/pyre_check/client/commands/pyre_server_options.py", line 95, in create
    start_arguments = start.create_server_arguments(
                      ^^^^^^^^^^^^^^^^^^^^^^^^^^^^^^
  File "/Users/ehsaasmittal/.local/share/nvim/mason/packages/pyre/venv/lib/python3.11/site-packages/pyre_check/client/commands/start.py", line 316, in create_server_arguments
    source_paths = backend_arguments.get_source_path_for_server(
                   ^^^^^^^^^^^^^^^^^^^^^^^^^^^^^^^^^^^^^^^^^^^^^
  File "/Users/ehsaasmittal/.local/share/nvim/mason/packages/pyre/venv/lib/python3.11/site-packages/pyre_check/client/backend_arguments.py", line 398, in get_source_path_for_server
    return get_source_path(configuration, artifact_root_name, flavor, watchman_root)
           ^^^^^^^^^^^^^^^^^^^^^^^^^^^^^^^^^^^^^^^^^^^^^^^^^^^^^^^^^^^^^^^^^^^^^^^^^
  File "/Users/ehsaasmittal/.local/share/nvim/mason/packages/pyre/venv/lib/python3.11/site-packages/pyre_check/client/backend_arguments.py", line 379, in get_source_path
    raise configuration_module.InvalidConfiguration(
pyre_check.client.configuration.exceptions.InvalidConfiguration: Invalid configuration: Cannot find any source files to analyze. Either `source_directories` or `targets` must be specified.
2025-12-01 23:12:53,434 [PID 3496] DEBUG Using selector: KqueueSelector
2025-12-01 23:12:53,434 [PID 3496] INFO Reading Pyre server configurations...
2025-12-01 23:12:53,440 [PID 3496] ERROR Uncaught error in persistent.run
Traceback (most recent call last):
  File "/Users/ehsaasmittal/.local/share/nvim/mason/packages/pyre/venv/lib/python3.11/site-packages/pyre_check/client/commands/persistent.py", line 302, in run
    return asyncio.get_event_loop().run_until_complete(
           ^^^^^^^^^^^^^^^^^^^^^^^^^^^^^^^^^^^^^^^^^^^^
  File "/Library/Frameworks/Python.framework/Versions/3.11/lib/python3.11/asyncio/base_events.py", line 653, in run_until_complete
    return future.result()
           ^^^^^^^^^^^^^^^
  File "/Users/ehsaasmittal/.local/share/nvim/mason/packages/pyre/venv/lib/python3.11/site-packages/pyre_check/client/commands/persistent.py", line 225, in run_persistent
    initial_server_options = pyre_server_options.read_server_options(
                             ^^^^^^^^^^^^^^^^^^^^^^^^^^^^^^^^^^^^^^^^
  File "/Users/ehsaasmittal/.local/share/nvim/mason/packages/pyre/venv/lib/python3.11/site-packages/pyre_check/client/commands/pyre_server_options.py", line 130, in read_server_options
    return server_options_reader()
           ^^^^^^^^^^^^^^^^^^^^^^^
  File "/Users/ehsaasmittal/.local/share/nvim/mason/packages/pyre/venv/lib/python3.11/site-packages/pyre_check/client/commands/pyre_server_options.py", line 115, in read
    return PyreServerOptions.create(
           ^^^^^^^^^^^^^^^^^^^^^^^^^
  File "/Users/ehsaasmittal/.local/share/nvim/mason/packages/pyre/venv/lib/python3.11/site-packages/pyre_check/client/commands/pyre_server_options.py", line 95, in create
    start_arguments = start.create_server_arguments(
                      ^^^^^^^^^^^^^^^^^^^^^^^^^^^^^^
  File "/Users/ehsaasmittal/.local/share/nvim/mason/packages/pyre/venv/lib/python3.11/site-packages/pyre_check/client/commands/start.py", line 316, in create_server_arguments
    source_paths = backend_arguments.get_source_path_for_server(
                   ^^^^^^^^^^^^^^^^^^^^^^^^^^^^^^^^^^^^^^^^^^^^^
  File "/Users/ehsaasmittal/.local/share/nvim/mason/packages/pyre/venv/lib/python3.11/site-packages/pyre_check/client/backend_arguments.py", line 398, in get_source_path_for_server
    return get_source_path(configuration, artifact_root_name, flavor, watchman_root)
           ^^^^^^^^^^^^^^^^^^^^^^^^^^^^^^^^^^^^^^^^^^^^^^^^^^^^^^^^^^^^^^^^^^^^^^^^^
  File "/Users/ehsaasmittal/.local/share/nvim/mason/packages/pyre/venv/lib/python3.11/site-packages/pyre_check/client/backend_arguments.py", line 379, in get_source_path
    raise configuration_module.InvalidConfiguration(
pyre_check.client.configuration.exceptions.InvalidConfiguration: Invalid configuration: Cannot find any source files to analyze. Either `source_directories` or `targets` must be specified.
